<?xml version="1.0" encoding="UTF-8"?>
<!-- Generated by org.testng.reporters.JUnitXMLReporter -->
<testsuite ignored="0" hostname="Pranit-Dhole07" failures="5" tests="86" name="Regression_Test_Cases" time="1832.944" errors="0" timestamp="2023-04-03T16:23:52 IST">
  <testcase classname="feedback_tests.Test_NewFeedback" name="Create_Feedback" time="8.54"/>
  <testcase classname="feedback_tests.Test_NewFeedback" name="Share_Feedback_Through_Mail" time="7.149"/>
  <testcase classname="feedback_tests.Test_NewFeedback" name="Share_Feedback_Through_Whatsapp" time="7.289"/>
  <testcase classname="frontdesk_tests.Test_FrontDesk_is_able_to_access_filters" name="Test_FrontDesk_is_able_to_apply_Consultationfilter_in_appointmentsScreen" time="7.583"/>
  <testcase classname="frontdesk_tests.Test_FrontDesk_is_able_to_access_filters" name="Test_FrontDesk_is_able_to_apply_Counsellingfilter_in_appointmentsScreen" time="7.53"/>
  <testcase classname="frontdesk_tests.Test_FrontDesk_is_able_to_access_filters" name="Test_FrontDesk_is_able_to_apply_Sessionfilter_in_appointmentsScreen" time="7.547"/>
  <testcase classname="costCalculator_tests.Test_CalculateCost" name="Test_Calculate_Cost_For_Procedure" time="8.0"/>
  <testcase classname="costCalculator_tests.Test_CalculateCost" name="Test_Calculate_Cost_For_Procedure" time="8.306"/>
  <testcase classname="costCalculator_tests.Test_CalculateCost" name="Test_SuperDoctor_View_Quotation" time="7.658"/>
  <testcase classname="login_Roles_tests.Test_Login_For_Different_Roles" name="Test_Consultatnt_is_able_to_Login_Application" time="11.547"/>
  <testcase classname="login_Roles_tests.Test_Login_For_Different_Roles" name="Test_Doctor_is_able_to_Login_Application" time="11.803"/>
  <testcase classname="login_Roles_tests.Test_Login_For_Different_Roles" name="Test_FrontDesk_is_able_to_Login_Application" time="11.205"/>
  <testcase classname="login_Roles_tests.Test_Login_For_Different_Roles" name="Test_Manager_is_able_to_Login_Application" time="10.512"/>
  <testcase classname="login_Roles_tests.Test_Login_For_Different_Roles" name="Test_SuperAdmin_is_able_to_Login_Application" time="12.264"/>
  <testcase classname="login_Roles_tests.Test_Login_For_Different_Roles" name="Test_SuperDoctor_is_able_to_Login_Application" time="10.696"/>
  <testcase classname="login_Roles_tests.Test_Login_For_Different_Roles" name="Test_Therpist_is_able_to_Login_Application" time="11.377"/>
  <testcase classname="patients_tests.Test_NewPatients_Registration" name="Test_Patient_Image_Upload" time="21.632"/>
  <testcase classname="patients_tests.Test_NewPatients_Registration" name="Test_RegisterNew_Patient_With_Unique_PhoneNumber" time="13.094"/>
  <testcase classname="payments_tests.Test_Calculations_In_CreditNotes" name="Test_TotalAmount_InCreditNote_BasedOn_Quantity_And_CostPerUnit" time="18.181"/>
  <testcase classname="payments_tests.Test_Calculations_In_CreditNotes" name="Test_TotalAmount_InCreditNote_BasedOn_Quantity_And_CostPerUnit" time="17.071"/>
  <testcase classname="superdoctor_tests.Test_SearchFunctionality_in_SuperDoctor_Role" name="Test_Search_By_DoctorNamein_ConsultationsScreen" time="12.149"/>
  <testcase classname="superdoctor_tests.Test_SearchFunctionality_in_SuperDoctor_Role" name="Test_Search_By_DoctorNamein_appointmentsScreen" time="27.612"/>
  <testcase classname="superdoctor_tests.Test_SearchFunctionality_in_SuperDoctor_Role" name="Test_Search_By_PatientName_in_ConsultationsScreen" time="12.846"/>
  <testcase classname="superdoctor_tests.Test_SearchFunctionality_in_SuperDoctor_Role" name="Test_Search_By_PatientName_in_appointmentsScreen" time="28.115"/>
  <testcase classname="consultant_tests.Test_Consultant_is_able_to_access_filters" name="Test_Consultant_is_able_to_apply_Consultationfilter_in_appointmentsScreen" time="7.319"/>
  <testcase classname="consultant_tests.Test_Consultant_is_able_to_access_filters" name="Test_Consultant_is_able_to_apply_Counsellingfilter_in_appointmentsScreen" time="7.21"/>
  <testcase classname="consultant_tests.Test_Consultant_is_able_to_access_filters" name="Test_Consultant_is_able_to_apply_Sessionfilter_in_appointmentsScreen" time="7.931"/>
  <testcase classname="accountant_tests.Test_Accountant_is_able_to_make_Payment" name="Test_Accountant_is_able_to_make_Payment" time="0.002"/>
  <testcase classname="doctor_tests.Test_Doctor_is_able_to_access_filters" name="Test_Doctor_is_able_to_apply_Consultationfilter_in_appointmentsScreen" time="6.624"/>
  <testcase classname="doctor_tests.Test_Doctor_is_able_to_access_filters" name="Test_Doctor_is_able_to_apply_Counsellingfilter_in_appointmentsScreen" time="6.538"/>
  <testcase classname="doctor_tests.Test_Doctor_is_able_to_access_filters" name="Test_Doctor_is_able_to_apply_Sessionfilter_in_appointmentsScreen" time="5.702"/>
  <testcase classname="calendar_booking_tests.Test_Consultation_Appointment_Flow" name="Test_FrontDesk_is_able_to_book_consultation_appointment" time="23.95"/>
  <testcase classname="frontdesk_tests.Test_FrontDesk_is_able_to_access_filters_in_consultations_screen" name="Test_FrontDesk_is_able_to_AllFilter" time="11.094"/>
  <testcase classname="frontdesk_tests.Test_FrontDesk_is_able_to_access_filters_in_consultations_screen" name="Test_FrontDesk_is_able_to_Apply_PatientStaus_AllFilter" time="9.553"/>
  <testcase classname="frontdesk_tests.Test_FrontDesk_is_able_to_access_filters_in_consultations_screen" name="Test_FrontDesk_is_able_to_Apply_PatientStaus_CheckOutFilter" time="10.399"/>
  <testcase classname="frontdesk_tests.Test_FrontDesk_is_able_to_access_filters_in_consultations_screen" name="Test_FrontDesk_is_able_to_Apply_PatientStaus_CheckinFilter" time="11.529"/>
  <testcase classname="frontdesk_tests.Test_FrontDesk_is_able_to_access_filters_in_consultations_screen" name="Test_FrontDesk_is_able_to_Apply_PatientStaus_EngagedFilter" time="9.849"/>
  <testcase classname="frontdesk_tests.Test_FrontDesk_is_able_to_access_filters_in_consultations_screen" name="Test_FrontDesk_is_able_to_CancelledFilter" time="10.006"/>
  <testcase classname="frontdesk_tests.Test_FrontDesk_is_able_to_access_filters_in_consultations_screen" name="Test_FrontDesk_is_able_to_DraftFilter" time="13.586"/>
  <testcase classname="frontdesk_tests.Test_FrontDesk_is_able_to_access_filters_in_consultations_screen" name="Test_FrontDesk_is_able_to_ScheduledFilter" time="11.267"/>
  <testcase classname="payments_tests.Test_Calculations_In_Payments" name="Test_Total_Amount_BasedOn_UnitQuantity_CostPerUnit" time="21.968"/>
  <testcase classname="superdoctor_tests.Test_SuperDoctor_is_able_to_access_filters" name="Test_SuperDoctor_is_able_to_apply_Consultationfilter_in_appointmentsScreen" time="6.977"/>
  <testcase classname="superdoctor_tests.Test_SuperDoctor_is_able_to_access_filters" name="Test_SuperDoctor_is_able_to_apply_Counsellingfilter_in_appointmentsScreen" time="6.058"/>
  <testcase classname="superdoctor_tests.Test_SuperDoctor_is_able_to_access_filters" name="Test_SuperDoctor_is_able_to_apply_Sessionfilter_in_appointmentsScreen" time="7.592"/>
  <testcase classname="doctor_tests.Test_SearxhFunctionality_in_Doctor_Role" name="Test_Search_By_PatientName_in_ConsultationsScreen" time="11.268"/>
  <testcase classname="doctor_tests.Test_SearxhFunctionality_in_Doctor_Role" name="Test_Search_By_PatientName_in_appointmentsScreen" time="25.274"/>
  <testcase classname="calendar_booking_tests.Test_Counselling_Appointment_Flow" name="Test_FrontDesk_is_able_to_book_Counselling_appointment" time="40.741">
    <failure type="org.openqa.selenium.NoSuchElementException" message="no such element: Unable to locate element: {&amp;quot;method&amp;quot;:&amp;quot;xpath&amp;quot;,&amp;quot;selector&amp;quot;:&amp;quot;//div[@class=&amp;apos;categories-dropdown ng-star-inserted&amp;apos;]&amp;quot;}
  (Session info: chrome=111.0.5563.147)
For documentation on this error, please visit: https://selenium.dev/exceptions/#no_such_element
Build info: version: &amp;apos;4.8.0&amp;apos;, revision: &amp;apos;267030adea&amp;apos;
System info: os.name: &amp;apos;Windows 11&amp;apos;, os.arch: &amp;apos;amd64&amp;apos;, os.version: &amp;apos;10.0&amp;apos;, java.version: &amp;apos;17.0.5&amp;apos;
Driver info: org.openqa.selenium.chrome.ChromeDriver
Command: [28f57ff0486615594b7413aef369351b, findElement {using=xpath, value=//div[@class=&amp;apos;categories-dropdown ng-star-inserted&amp;apos;]}]
Capabilities {acceptInsecureCerts: false, browserName: chrome, browserVersion: 111.0.5563.147, chrome: {chromedriverVersion: 111.0.5563.64 (c710e93d5b63..., userDataDir: C:\Users\dpran\AppData\Loca...}, goog:chromeOptions: {debuggerAddress: localhost:51354}, networkConnectionEnabled: false, pageLoadStrategy: normal, platformName: WINDOWS, proxy: Proxy(), se:cdp: ws://localhost:51354/devtoo..., se:cdpVersion: 111.0.5563.147, setWindowRect: true, strictFileInteractability: false, timeouts: {implicit: 0, pageLoad: 300000, script: 30000}, unhandledPromptBehavior: dismiss and notify, webauthn:extension:credBlob: true, webauthn:extension:largeBlob: true, webauthn:extension:minPinLength: true, webauthn:extension:prf: true, webauthn:virtualAuthenticators: true}
Session ID: 28f57ff0486615594b7413aef369351b">
      <![CDATA[org.openqa.selenium.NoSuchElementException: no such element: Unable to locate element: {"method":"xpath","selector":"//div[@class='categories-dropdown ng-star-inserted']"}
  (Session info: chrome=111.0.5563.147)
For documentation on this error, please visit: https://selenium.dev/exceptions/#no_such_element
Build info: version: '4.8.0', revision: '267030adea'
System info: os.name: 'Windows 11', os.arch: 'amd64', os.version: '10.0', java.version: '17.0.5'
Driver info: org.openqa.selenium.chrome.ChromeDriver
Command: [28f57ff0486615594b7413aef369351b, findElement {using=xpath, value=//div[@class='categories-dropdown ng-star-inserted']}]
Capabilities {acceptInsecureCerts: false, browserName: chrome, browserVersion: 111.0.5563.147, chrome: {chromedriverVersion: 111.0.5563.64 (c710e93d5b63..., userDataDir: C:\Users\dpran\AppData\Loca...}, goog:chromeOptions: {debuggerAddress: localhost:51354}, networkConnectionEnabled: false, pageLoadStrategy: normal, platformName: WINDOWS, proxy: Proxy(), se:cdp: ws://localhost:51354/devtoo..., se:cdpVersion: 111.0.5563.147, setWindowRect: true, strictFileInteractability: false, timeouts: {implicit: 0, pageLoad: 300000, script: 30000}, unhandledPromptBehavior: dismiss and notify, webauthn:extension:credBlob: true, webauthn:extension:largeBlob: true, webauthn:extension:minPinLength: true, webauthn:extension:prf: true, webauthn:virtualAuthenticators: true}
Session ID: 28f57ff0486615594b7413aef369351b
at org.openqa.selenium.remote.codec.w3c.W3CHttpResponseCodec.createException(W3CHttpResponseCodec.java:200)
at org.openqa.selenium.remote.codec.w3c.W3CHttpResponseCodec.decode(W3CHttpResponseCodec.java:133)
at org.openqa.selenium.remote.codec.w3c.W3CHttpResponseCodec.decode(W3CHttpResponseCodec.java:53)
at org.openqa.selenium.remote.HttpCommandExecutor.execute(HttpCommandExecutor.java:184)
at org.openqa.selenium.remote.service.DriverCommandExecutor.invokeExecute(DriverCommandExecutor.java:167)
at org.openqa.selenium.remote.service.DriverCommandExecutor.execute(DriverCommandExecutor.java:142)
at org.openqa.selenium.remote.RemoteWebDriver.execute(RemoteWebDriver.java:543)
at org.openqa.selenium.remote.ElementLocation$ElementFinder$2.findElement(ElementLocation.java:162)
at org.openqa.selenium.remote.ElementLocation.findElement(ElementLocation.java:60)
at org.openqa.selenium.remote.RemoteWebDriver.findElement(RemoteWebDriver.java:352)
at org.openqa.selenium.remote.RemoteWebDriver.findElement(RemoteWebDriver.java:344)
at calendar_booking_tests.Test_Counselling_Appointment_Flow.Test_FrontDesk_is_able_to_book_Counselling_appointment(Test_Counselling_Appointment_Flow.java:30)
at java.base/java.util.ArrayList.forEach(ArrayList.java:1511)
... Removed 32 stack frames]]>
    </failure>
  </testcase> <!-- Test_FrontDesk_is_able_to_book_Counselling_appointment -->
  <testcase classname="frontdesk_tests.Test_FrontDesk_is_able_to_access_filters_in_procedure_screen" name="Test_FrontDesk_is_able_to_check_CancelledSessions" time="15.341"/>
  <testcase classname="frontdesk_tests.Test_FrontDesk_is_able_to_access_filters_in_procedure_screen" name="Test_FrontDesk_is_able_to_check_DraftedSessions" time="11.636"/>
  <testcase classname="frontdesk_tests.Test_FrontDesk_is_able_to_access_filters_in_procedure_screen" name="Test_FrontDesk_is_able_to_check_ScheduledSessions" time="11.538"/>
  <testcase classname="payments_tests.Test_Calender_Functionality_In_Payments" name="Test_Invoice_Calender_Opening" time="0.002"/>
  <testcase classname="superdoctor_tests.Test_SuperDoctor_is_Able_To_AddNew_Room" name="Test_SuperDoctor_is_Able_To_AddNew_Room" time="12.29"/>
  <testcase classname="superdoctor_tests.Test_SuperDoctor_is_Able_To_AddNew_Room" name="Test_Search_Functionality_in_Rooms" time="10.383"/>
  <testcase classname="calendar_booking_tests.Test_Make_Payment_For_Counselling_Session_From_Calendar" name="Test_FrontDesk_is_able_to_MakePayment_For_Counselling_Session" time="36.772">
    <failure type="org.openqa.selenium.NoSuchElementException" message="no such element: Unable to locate element: {&amp;quot;method&amp;quot;:&amp;quot;xpath&amp;quot;,&amp;quot;selector&amp;quot;:&amp;quot;//div[@class=&amp;apos;categories-dropdown ng-star-inserted&amp;apos;]&amp;quot;}
  (Session info: chrome=111.0.5563.147)
For documentation on this error, please visit: https://selenium.dev/exceptions/#no_such_element
Build info: version: &amp;apos;4.8.0&amp;apos;, revision: &amp;apos;267030adea&amp;apos;
System info: os.name: &amp;apos;Windows 11&amp;apos;, os.arch: &amp;apos;amd64&amp;apos;, os.version: &amp;apos;10.0&amp;apos;, java.version: &amp;apos;17.0.5&amp;apos;
Driver info: org.openqa.selenium.chrome.ChromeDriver
Command: [18f9c16677281b3e37015b12525fbe89, findElement {using=xpath, value=//div[@class=&amp;apos;categories-dropdown ng-star-inserted&amp;apos;]}]
Capabilities {acceptInsecureCerts: false, browserName: chrome, browserVersion: 111.0.5563.147, chrome: {chromedriverVersion: 111.0.5563.64 (c710e93d5b63..., userDataDir: C:\Users\dpran\AppData\Loca...}, goog:chromeOptions: {debuggerAddress: localhost:51845}, networkConnectionEnabled: false, pageLoadStrategy: normal, platformName: WINDOWS, proxy: Proxy(), se:cdp: ws://localhost:51845/devtoo..., se:cdpVersion: 111.0.5563.147, setWindowRect: true, strictFileInteractability: false, timeouts: {implicit: 0, pageLoad: 300000, script: 30000}, unhandledPromptBehavior: dismiss and notify, webauthn:extension:credBlob: true, webauthn:extension:largeBlob: true, webauthn:extension:minPinLength: true, webauthn:extension:prf: true, webauthn:virtualAuthenticators: true}
Session ID: 18f9c16677281b3e37015b12525fbe89">
      <![CDATA[org.openqa.selenium.NoSuchElementException: no such element: Unable to locate element: {"method":"xpath","selector":"//div[@class='categories-dropdown ng-star-inserted']"}
  (Session info: chrome=111.0.5563.147)
For documentation on this error, please visit: https://selenium.dev/exceptions/#no_such_element
Build info: version: '4.8.0', revision: '267030adea'
System info: os.name: 'Windows 11', os.arch: 'amd64', os.version: '10.0', java.version: '17.0.5'
Driver info: org.openqa.selenium.chrome.ChromeDriver
Command: [18f9c16677281b3e37015b12525fbe89, findElement {using=xpath, value=//div[@class='categories-dropdown ng-star-inserted']}]
Capabilities {acceptInsecureCerts: false, browserName: chrome, browserVersion: 111.0.5563.147, chrome: {chromedriverVersion: 111.0.5563.64 (c710e93d5b63..., userDataDir: C:\Users\dpran\AppData\Loca...}, goog:chromeOptions: {debuggerAddress: localhost:51845}, networkConnectionEnabled: false, pageLoadStrategy: normal, platformName: WINDOWS, proxy: Proxy(), se:cdp: ws://localhost:51845/devtoo..., se:cdpVersion: 111.0.5563.147, setWindowRect: true, strictFileInteractability: false, timeouts: {implicit: 0, pageLoad: 300000, script: 30000}, unhandledPromptBehavior: dismiss and notify, webauthn:extension:credBlob: true, webauthn:extension:largeBlob: true, webauthn:extension:minPinLength: true, webauthn:extension:prf: true, webauthn:virtualAuthenticators: true}
Session ID: 18f9c16677281b3e37015b12525fbe89
at org.openqa.selenium.remote.codec.w3c.W3CHttpResponseCodec.createException(W3CHttpResponseCodec.java:200)
at org.openqa.selenium.remote.codec.w3c.W3CHttpResponseCodec.decode(W3CHttpResponseCodec.java:133)
at org.openqa.selenium.remote.codec.w3c.W3CHttpResponseCodec.decode(W3CHttpResponseCodec.java:53)
at org.openqa.selenium.remote.HttpCommandExecutor.execute(HttpCommandExecutor.java:184)
at org.openqa.selenium.remote.service.DriverCommandExecutor.invokeExecute(DriverCommandExecutor.java:167)
at org.openqa.selenium.remote.service.DriverCommandExecutor.execute(DriverCommandExecutor.java:142)
at org.openqa.selenium.remote.RemoteWebDriver.execute(RemoteWebDriver.java:543)
at org.openqa.selenium.remote.ElementLocation$ElementFinder$2.findElement(ElementLocation.java:162)
at org.openqa.selenium.remote.ElementLocation.findElement(ElementLocation.java:60)
at org.openqa.selenium.remote.RemoteWebDriver.findElement(RemoteWebDriver.java:352)
at org.openqa.selenium.remote.RemoteWebDriver.findElement(RemoteWebDriver.java:344)
at calendar_booking_tests.Test_Make_Payment_For_Counselling_Session_From_Calendar.Test_FrontDesk_is_able_to_MakePayment_For_Counselling_Session(Test_Make_Payment_For_Counselling_Session_From_Calendar.java:60)
at java.base/java.util.ArrayList.forEach(ArrayList.java:1511)
... Removed 32 stack frames]]>
    </failure>
  </testcase> <!-- Test_FrontDesk_is_able_to_MakePayment_For_Counselling_Session -->
  <testcase classname="frontdesk_tests.Test_FrontDesk_is_able_to_change_patient_journey_status" name="Test_FrontDesk_is_able_to_change_patient_journey_status_to_Checkin" time="10.099"/>
  <testcase classname="frontdesk_tests.Test_FrontDesk_is_able_to_change_patient_journey_status" name="Test_FrontDesk_is_able_to_change_patient_journey_status_to_Checkout" time="8.603"/>
  <testcase classname="frontdesk_tests.Test_FrontDesk_is_able_to_change_patient_journey_status" name="Test_FrontDesk_is_able_to_change_patient_journey_status_to_Confirmed" time="9.362"/>
  <testcase classname="frontdesk_tests.Test_FrontDesk_is_able_to_change_patient_journey_status" name="Test_FrontDesk_is_able_to_change_patient_journey_status_to_Engaged" time="8.637"/>
  <testcase classname="payments_tests.Test_Create_RetainerInvoice" name="Create_New_RetainerInvoice" time="19.333"/>
  <testcase classname="payments_tests.Test_Create_RetainerInvoice" name="Create_New_RetainerInvoice" time="18.485"/>
  <testcase classname="payments_tests.Test_Create_RetainerInvoice" name="Create_New_RetainerInvoice" time="19.182"/>
  <testcase classname="superdoctor_tests.Test_SuperDoctor_is_able_to_add_new_Equipment" name="Test_Mobility_Fixed_Filter_in_Equipments" time="6.795"/>
  <testcase classname="superdoctor_tests.Test_SuperDoctor_is_able_to_add_new_Equipment" name="Test_Mobility_Mobile_Filter_in_Equipments" time="6.749"/>
  <testcase classname="superdoctor_tests.Test_SuperDoctor_is_able_to_add_new_Equipment" name="Test_Search_in_Equipments" time="9.207"/>
  <testcase classname="superdoctor_tests.Test_SuperDoctor_is_able_to_add_new_Equipment" name="Test_SuperDoctor_is_able_to_add_new_Equipment" time="4.739"/>
  <testcase classname="calendar_booking_tests.Test_Session_Appointment_Booking_Flow" name="Test_FrontDesk_is_able_to_book_session" time="43.25"/>
  <testcase classname="frontdesk_tests.Test_Search_Functionality_in_FrontDeskRole" name="Test_Search_By_DoctorNamein_ConsultationsScreen" time="12.558"/>
  <testcase classname="frontdesk_tests.Test_Search_Functionality_in_FrontDeskRole" name="Test_Search_By_DoctorNamein_appointmentsScreen" time="30.413"/>
  <testcase classname="frontdesk_tests.Test_Search_Functionality_in_FrontDeskRole" name="Test_Search_By_PatientName_in_ConsultationsScreen" time="12.893"/>
  <testcase classname="frontdesk_tests.Test_Search_Functionality_in_FrontDeskRole" name="Test_Search_By_PatientName_in_appointmentsScreen" time="32.163"/>
  <testcase classname="payments_tests.Test_CreditNote_from_Invoice" name="Test_Create_CreditNote_From_Invoice" time="15.899"/>
  <testcase classname="payments_tests.Test_CreditNote_from_Invoice" name="Test_Create_CreditNote_From_Invoice" time="11.888"/>
  <testcase classname="payments_tests.Test_CreditNote_from_Invoice" name="Test_Delete_CreditNote_Invoice" time="16.747">
    <failure type="org.openqa.selenium.ElementClickInterceptedException" message="element click intercepted: Element &amp;lt;button _ngcontent-ggy-c167=&amp;quot;&amp;quot; type=&amp;quot;undefined&amp;quot; class=&amp;quot;button-filled-primary&amp;quot;&amp;gt;...&amp;lt;/button&amp;gt; is not clickable at point (860, 380). Other element would receive the click: &amp;lt;div _ngcontent-ggy-c85=&amp;quot;&amp;quot; class=&amp;quot;ngx-spinner-overlay ng-tns-c85-13 ng-trigger ng-trigger-fadeIn ng-star-inserted&amp;quot; style=&amp;quot;background-color: rgba(133, 130, 130, 0.576); z-index: 99999; position: absolute; opacity: 1;&amp;quot;&amp;gt;...&amp;lt;/div&amp;gt;
  (Session info: chrome=111.0.5563.147)
Build info: version: &amp;apos;4.8.0&amp;apos;, revision: &amp;apos;267030adea&amp;apos;
System info: os.name: &amp;apos;Windows 11&amp;apos;, os.arch: &amp;apos;amd64&amp;apos;, os.version: &amp;apos;10.0&amp;apos;, java.version: &amp;apos;17.0.5&amp;apos;
Driver info: org.openqa.selenium.chrome.ChromeDriver
Command: [560ecac17289ba301caead32bac7eb1d, clickElement {id=76178747-7fdf-4d8c-977f-35f1165347d8}]
Capabilities {acceptInsecureCerts: false, browserName: chrome, browserVersion: 111.0.5563.147, chrome: {chromedriverVersion: 111.0.5563.64 (c710e93d5b63..., userDataDir: C:\Users\dpran\AppData\Loca...}, goog:chromeOptions: {debuggerAddress: localhost:52824}, networkConnectionEnabled: false, pageLoadStrategy: normal, platformName: WINDOWS, proxy: Proxy(), se:cdp: ws://localhost:52824/devtoo..., se:cdpVersion: 111.0.5563.147, setWindowRect: true, strictFileInteractability: false, timeouts: {implicit: 0, pageLoad: 300000, script: 30000}, unhandledPromptBehavior: dismiss and notify, webauthn:extension:credBlob: true, webauthn:extension:largeBlob: true, webauthn:extension:minPinLength: true, webauthn:extension:prf: true, webauthn:virtualAuthenticators: true}
Element: [[ChromeDriver: chrome on WINDOWS (560ecac17289ba301caead32bac7eb1d)] -&amp;gt; xpath: //button[text()=&amp;apos; Delete &amp;apos;]]
Session ID: 560ecac17289ba301caead32bac7eb1d">
      <![CDATA[org.openqa.selenium.ElementClickInterceptedException: element click intercepted: Element <button _ngcontent-ggy-c167="" type="undefined" class="button-filled-primary">...</button> is not clickable at point (860, 380). Other element would receive the click: <div _ngcontent-ggy-c85="" class="ngx-spinner-overlay ng-tns-c85-13 ng-trigger ng-trigger-fadeIn ng-star-inserted" style="background-color: rgba(133, 130, 130, 0.576); z-index: 99999; position: absolute; opacity: 1;">...</div>
  (Session info: chrome=111.0.5563.147)
Build info: version: '4.8.0', revision: '267030adea'
System info: os.name: 'Windows 11', os.arch: 'amd64', os.version: '10.0', java.version: '17.0.5'
Driver info: org.openqa.selenium.chrome.ChromeDriver
Command: [560ecac17289ba301caead32bac7eb1d, clickElement {id=76178747-7fdf-4d8c-977f-35f1165347d8}]
Capabilities {acceptInsecureCerts: false, browserName: chrome, browserVersion: 111.0.5563.147, chrome: {chromedriverVersion: 111.0.5563.64 (c710e93d5b63..., userDataDir: C:\Users\dpran\AppData\Loca...}, goog:chromeOptions: {debuggerAddress: localhost:52824}, networkConnectionEnabled: false, pageLoadStrategy: normal, platformName: WINDOWS, proxy: Proxy(), se:cdp: ws://localhost:52824/devtoo..., se:cdpVersion: 111.0.5563.147, setWindowRect: true, strictFileInteractability: false, timeouts: {implicit: 0, pageLoad: 300000, script: 30000}, unhandledPromptBehavior: dismiss and notify, webauthn:extension:credBlob: true, webauthn:extension:largeBlob: true, webauthn:extension:minPinLength: true, webauthn:extension:prf: true, webauthn:virtualAuthenticators: true}
Element: [[ChromeDriver: chrome on WINDOWS (560ecac17289ba301caead32bac7eb1d)] -> xpath: //button[text()=' Delete ']]
Session ID: 560ecac17289ba301caead32bac7eb1d
at org.openqa.selenium.remote.codec.w3c.W3CHttpResponseCodec.createException(W3CHttpResponseCodec.java:200)
at org.openqa.selenium.remote.codec.w3c.W3CHttpResponseCodec.decode(W3CHttpResponseCodec.java:133)
at org.openqa.selenium.remote.codec.w3c.W3CHttpResponseCodec.decode(W3CHttpResponseCodec.java:53)
at org.openqa.selenium.remote.HttpCommandExecutor.execute(HttpCommandExecutor.java:184)
at org.openqa.selenium.remote.service.DriverCommandExecutor.invokeExecute(DriverCommandExecutor.java:167)
at org.openqa.selenium.remote.service.DriverCommandExecutor.execute(DriverCommandExecutor.java:142)
at org.openqa.selenium.remote.RemoteWebDriver.execute(RemoteWebDriver.java:543)
at org.openqa.selenium.remote.RemoteWebElement.execute(RemoteWebElement.java:257)
at org.openqa.selenium.remote.RemoteWebElement.click(RemoteWebElement.java:78)
at payments_tests.Test_CreditNote_from_Invoice.Test_Delete_CreditNote_Invoice(Test_CreditNote_from_Invoice.java:72)
at java.base/java.util.ArrayList.forEach(ArrayList.java:1511)
... Removed 32 stack frames]]>
    </failure>
  </testcase> <!-- Test_Delete_CreditNote_Invoice -->
  <testcase classname="payments_tests.Test_CreditNote_from_Invoice" name="Test_Delete_CreditNote_Invoice" time="20.646">
    <failure type="org.openqa.selenium.ElementClickInterceptedException" message="element click intercepted: Element &amp;lt;button _ngcontent-jfx-c167=&amp;quot;&amp;quot; type=&amp;quot;undefined&amp;quot; class=&amp;quot;button-filled-primary&amp;quot;&amp;gt;...&amp;lt;/button&amp;gt; is not clickable at point (860, 380). Other element would receive the click: &amp;lt;div _ngcontent-jfx-c85=&amp;quot;&amp;quot; class=&amp;quot;ngx-spinner-overlay ng-tns-c85-13 ng-trigger ng-trigger-fadeIn ng-star-inserted&amp;quot; style=&amp;quot;background-color: rgba(133, 130, 130, 0.576); z-index: 99999; position: absolute; opacity: 1;&amp;quot;&amp;gt;...&amp;lt;/div&amp;gt;
  (Session info: chrome=111.0.5563.147)
Build info: version: &amp;apos;4.8.0&amp;apos;, revision: &amp;apos;267030adea&amp;apos;
System info: os.name: &amp;apos;Windows 11&amp;apos;, os.arch: &amp;apos;amd64&amp;apos;, os.version: &amp;apos;10.0&amp;apos;, java.version: &amp;apos;17.0.5&amp;apos;
Driver info: org.openqa.selenium.chrome.ChromeDriver
Command: [a19ce61dd04ba7734f1d12db8167dcfc, clickElement {id=63ed67bd-4ea2-4330-96e2-deeb089d67a5}]
Capabilities {acceptInsecureCerts: false, browserName: chrome, browserVersion: 111.0.5563.147, chrome: {chromedriverVersion: 111.0.5563.64 (c710e93d5b63..., userDataDir: C:\Users\dpran\AppData\Loca...}, goog:chromeOptions: {debuggerAddress: localhost:52872}, networkConnectionEnabled: false, pageLoadStrategy: normal, platformName: WINDOWS, proxy: Proxy(), se:cdp: ws://localhost:52872/devtoo..., se:cdpVersion: 111.0.5563.147, setWindowRect: true, strictFileInteractability: false, timeouts: {implicit: 0, pageLoad: 300000, script: 30000}, unhandledPromptBehavior: dismiss and notify, webauthn:extension:credBlob: true, webauthn:extension:largeBlob: true, webauthn:extension:minPinLength: true, webauthn:extension:prf: true, webauthn:virtualAuthenticators: true}
Element: [[ChromeDriver: chrome on WINDOWS (a19ce61dd04ba7734f1d12db8167dcfc)] -&amp;gt; xpath: //button[text()=&amp;apos; Delete &amp;apos;]]
Session ID: a19ce61dd04ba7734f1d12db8167dcfc">
      <![CDATA[org.openqa.selenium.ElementClickInterceptedException: element click intercepted: Element <button _ngcontent-jfx-c167="" type="undefined" class="button-filled-primary">...</button> is not clickable at point (860, 380). Other element would receive the click: <div _ngcontent-jfx-c85="" class="ngx-spinner-overlay ng-tns-c85-13 ng-trigger ng-trigger-fadeIn ng-star-inserted" style="background-color: rgba(133, 130, 130, 0.576); z-index: 99999; position: absolute; opacity: 1;">...</div>
  (Session info: chrome=111.0.5563.147)
Build info: version: '4.8.0', revision: '267030adea'
System info: os.name: 'Windows 11', os.arch: 'amd64', os.version: '10.0', java.version: '17.0.5'
Driver info: org.openqa.selenium.chrome.ChromeDriver
Command: [a19ce61dd04ba7734f1d12db8167dcfc, clickElement {id=63ed67bd-4ea2-4330-96e2-deeb089d67a5}]
Capabilities {acceptInsecureCerts: false, browserName: chrome, browserVersion: 111.0.5563.147, chrome: {chromedriverVersion: 111.0.5563.64 (c710e93d5b63..., userDataDir: C:\Users\dpran\AppData\Loca...}, goog:chromeOptions: {debuggerAddress: localhost:52872}, networkConnectionEnabled: false, pageLoadStrategy: normal, platformName: WINDOWS, proxy: Proxy(), se:cdp: ws://localhost:52872/devtoo..., se:cdpVersion: 111.0.5563.147, setWindowRect: true, strictFileInteractability: false, timeouts: {implicit: 0, pageLoad: 300000, script: 30000}, unhandledPromptBehavior: dismiss and notify, webauthn:extension:credBlob: true, webauthn:extension:largeBlob: true, webauthn:extension:minPinLength: true, webauthn:extension:prf: true, webauthn:virtualAuthenticators: true}
Element: [[ChromeDriver: chrome on WINDOWS (a19ce61dd04ba7734f1d12db8167dcfc)] -> xpath: //button[text()=' Delete ']]
Session ID: a19ce61dd04ba7734f1d12db8167dcfc
at org.openqa.selenium.remote.codec.w3c.W3CHttpResponseCodec.createException(W3CHttpResponseCodec.java:200)
at org.openqa.selenium.remote.codec.w3c.W3CHttpResponseCodec.decode(W3CHttpResponseCodec.java:133)
at org.openqa.selenium.remote.codec.w3c.W3CHttpResponseCodec.decode(W3CHttpResponseCodec.java:53)
at org.openqa.selenium.remote.HttpCommandExecutor.execute(HttpCommandExecutor.java:184)
at org.openqa.selenium.remote.service.DriverCommandExecutor.invokeExecute(DriverCommandExecutor.java:167)
at org.openqa.selenium.remote.service.DriverCommandExecutor.execute(DriverCommandExecutor.java:142)
at org.openqa.selenium.remote.RemoteWebDriver.execute(RemoteWebDriver.java:543)
at org.openqa.selenium.remote.RemoteWebElement.execute(RemoteWebElement.java:257)
at org.openqa.selenium.remote.RemoteWebElement.click(RemoteWebElement.java:78)
at payments_tests.Test_CreditNote_from_Invoice.Test_Delete_CreditNote_Invoice(Test_CreditNote_from_Invoice.java:72)
at java.base/java.util.ArrayList.forEach(ArrayList.java:1511)
... Removed 32 stack frames]]>
    </failure>
  </testcase> <!-- Test_Delete_CreditNote_Invoice -->
  <testcase classname="superdoctor_tests.Test_SuperDoctor_is_able_to_change_patient_journey_status" name="Test_SuperDoctor_is_able_to_change_patient_journey_status_to_Checkin" time="12.825"/>
  <testcase classname="superdoctor_tests.Test_SuperDoctor_is_able_to_change_patient_journey_status" name="Test_SuperDoctor_is_able_to_change_patient_journey_status_to_Checkout" time="21.742"/>
  <testcase classname="superdoctor_tests.Test_SuperDoctor_is_able_to_change_patient_journey_status" name="Test_SuperDoctor_is_able_to_change_patient_journey_status_to_Confirmed" time="10.579"/>
  <testcase classname="superdoctor_tests.Test_SuperDoctor_is_able_to_change_patient_journey_status" name="Test_SuperDoctor_is_able_to_change_patient_journey_status_to_Engaged" time="11.512"/>
  <testcase classname="payments_tests.Test_Deleting_CreditNote" name="Test_Delete_Recently_Created_CreditNote" time="30.759"/>
  <testcase classname="payments_tests.Test_Deleting_CreditNote" name="Test_Delete_Recently_Created_CreditNote" time="29.903"/>
  <testcase classname="payments_tests.Test_NewCreditNote" name="Test_Create_CreditNote_For_Procedure" time="23.092"/>
  <testcase classname="payments_tests.Test_NewCreditNote" name="Test_Create_CreditNote_For_Procedure" time="22.396"/>
  <testcase classname="payments_tests.Test_NewCreditNote" name="Test_Create_CreditNote_For_Product" time="21.889"/>
  <testcase classname="payments_tests.Test_NewCreditNote" name="Test_Create_CreditNote_For_Product" time="21.794"/>
  <testcase classname="payments_tests.Test_NewCreditNote" name="Test_CreditNote_Filters_Close" time="11.254"/>
  <testcase classname="payments_tests.Test_NewCreditNote" name="Test_CreditNote_Filters_Open" time="20.02">
    <failure type="org.openqa.selenium.NoSuchElementException" message="no such element: Unable to locate element: {&amp;quot;method&amp;quot;:&amp;quot;xpath&amp;quot;,&amp;quot;selector&amp;quot;:&amp;quot;/html/body/app-root/sbpro-dashboard/sbpro-layout-dashboard/span/div/div[1]/sb-side-nav/nav/div[1]/div[2]/div[1]&amp;quot;}
  (Session info: chrome=111.0.5563.147)
For documentation on this error, please visit: https://selenium.dev/exceptions/#no_such_element
Build info: version: &amp;apos;4.8.0&amp;apos;, revision: &amp;apos;267030adea&amp;apos;
System info: os.name: &amp;apos;Windows 11&amp;apos;, os.arch: &amp;apos;amd64&amp;apos;, os.version: &amp;apos;10.0&amp;apos;, java.version: &amp;apos;17.0.5&amp;apos;
Driver info: org.openqa.selenium.chrome.ChromeDriver
Command: [db2a0c8ecd185ac100110be58b7427f7, findElement {using=xpath, value=/html/body/app-root/sbpro-dashboard/sbpro-layout-dashboard/span/div/div[1]/sb-side-nav/nav/div[1]/div[2]/div[1]}]
Capabilities {acceptInsecureCerts: false, browserName: chrome, browserVersion: 111.0.5563.147, chrome: {chromedriverVersion: 111.0.5563.64 (c710e93d5b63..., userDataDir: C:\Users\dpran\AppData\Loca...}, goog:chromeOptions: {debuggerAddress: localhost:53418}, networkConnectionEnabled: false, pageLoadStrategy: normal, platformName: WINDOWS, proxy: Proxy(), se:cdp: ws://localhost:53418/devtoo..., se:cdpVersion: 111.0.5563.147, setWindowRect: true, strictFileInteractability: false, timeouts: {implicit: 0, pageLoad: 300000, script: 30000}, unhandledPromptBehavior: dismiss and notify, webauthn:extension:credBlob: true, webauthn:extension:largeBlob: true, webauthn:extension:minPinLength: true, webauthn:extension:prf: true, webauthn:virtualAuthenticators: true}
Session ID: db2a0c8ecd185ac100110be58b7427f7">
      <![CDATA[org.openqa.selenium.NoSuchElementException: no such element: Unable to locate element: {"method":"xpath","selector":"/html/body/app-root/sbpro-dashboard/sbpro-layout-dashboard/span/div/div[1]/sb-side-nav/nav/div[1]/div[2]/div[1]"}
  (Session info: chrome=111.0.5563.147)
For documentation on this error, please visit: https://selenium.dev/exceptions/#no_such_element
Build info: version: '4.8.0', revision: '267030adea'
System info: os.name: 'Windows 11', os.arch: 'amd64', os.version: '10.0', java.version: '17.0.5'
Driver info: org.openqa.selenium.chrome.ChromeDriver
Command: [db2a0c8ecd185ac100110be58b7427f7, findElement {using=xpath, value=/html/body/app-root/sbpro-dashboard/sbpro-layout-dashboard/span/div/div[1]/sb-side-nav/nav/div[1]/div[2]/div[1]}]
Capabilities {acceptInsecureCerts: false, browserName: chrome, browserVersion: 111.0.5563.147, chrome: {chromedriverVersion: 111.0.5563.64 (c710e93d5b63..., userDataDir: C:\Users\dpran\AppData\Loca...}, goog:chromeOptions: {debuggerAddress: localhost:53418}, networkConnectionEnabled: false, pageLoadStrategy: normal, platformName: WINDOWS, proxy: Proxy(), se:cdp: ws://localhost:53418/devtoo..., se:cdpVersion: 111.0.5563.147, setWindowRect: true, strictFileInteractability: false, timeouts: {implicit: 0, pageLoad: 300000, script: 30000}, unhandledPromptBehavior: dismiss and notify, webauthn:extension:credBlob: true, webauthn:extension:largeBlob: true, webauthn:extension:minPinLength: true, webauthn:extension:prf: true, webauthn:virtualAuthenticators: true}
Session ID: db2a0c8ecd185ac100110be58b7427f7
at org.openqa.selenium.remote.codec.w3c.W3CHttpResponseCodec.createException(W3CHttpResponseCodec.java:200)
at org.openqa.selenium.remote.codec.w3c.W3CHttpResponseCodec.decode(W3CHttpResponseCodec.java:133)
at org.openqa.selenium.remote.codec.w3c.W3CHttpResponseCodec.decode(W3CHttpResponseCodec.java:53)
at org.openqa.selenium.remote.HttpCommandExecutor.execute(HttpCommandExecutor.java:184)
at org.openqa.selenium.remote.service.DriverCommandExecutor.invokeExecute(DriverCommandExecutor.java:167)
at org.openqa.selenium.remote.service.DriverCommandExecutor.execute(DriverCommandExecutor.java:142)
at org.openqa.selenium.remote.RemoteWebDriver.execute(RemoteWebDriver.java:543)
at org.openqa.selenium.remote.ElementLocation$ElementFinder$2.findElement(ElementLocation.java:162)
at org.openqa.selenium.remote.ElementLocation.findElement(ElementLocation.java:60)
at org.openqa.selenium.remote.RemoteWebDriver.findElement(RemoteWebDriver.java:352)
at org.openqa.selenium.remote.RemoteWebDriver.findElement(RemoteWebDriver.java:344)
at org.openqa.selenium.support.pagefactory.DefaultElementLocator.findElement(DefaultElementLocator.java:70)
at org.openqa.selenium.support.pagefactory.internal.LocatingElementHandler.invoke(LocatingElementHandler.java:39)
at jdk.proxy2/jdk.proxy2.$Proxy18.click(Unknown Source)
at payments_tests.Test_NewCreditNote.Test_CreditNote_Filters_Open(Test_NewCreditNote.java:164)
at java.base/java.util.ArrayList.forEach(ArrayList.java:1511)
... Removed 32 stack frames]]>
    </failure>
  </testcase> <!-- Test_CreditNote_Filters_Open -->
</testsuite> <!-- Regression_Test_Cases -->
