<?xml version="1.0" encoding="UTF-8"?>
<!-- Generated by org.testng.reporters.JUnitXMLReporter -->
<testsuite ignored="0" hostname="Pranit-Dhole07" failures="10" tests="92" name="Regression_Test_Cases" time="2898.25" errors="0" timestamp="2023-04-17T14:29:03 IST">
  <testcase classname="feedback_tests.Test_NewFeedback" name="Create_Feedback" time="10.97"/>
  <testcase classname="feedback_tests.Test_NewFeedback" name="Share_Feedback_Through_Mail" time="9.936"/>
  <testcase classname="feedback_tests.Test_NewFeedback" name="Share_Feedback_Through_Whatsapp" time="12.934"/>
  <testcase classname="frontdesk_tests.Test_FrontDesk_is_able_to_access_filters" name="Test_FrontDesk_is_able_to_apply_Consultationfilter_in_appointmentsScreen" time="12.605"/>
  <testcase classname="frontdesk_tests.Test_FrontDesk_is_able_to_access_filters" name="Test_FrontDesk_is_able_to_apply_Counsellingfilter_in_appointmentsScreen" time="10.642"/>
  <testcase classname="frontdesk_tests.Test_FrontDesk_is_able_to_access_filters" name="Test_FrontDesk_is_able_to_apply_Sessionfilter_in_appointmentsScreen" time="9.993"/>
  <testcase classname="costCalculator_tests.Test_CalculateCost" name="Test_Calculate_Cost_For_Procedure" time="30.551">
    <failure type="org.openqa.selenium.NoSuchElementException" message="no such element: Unable to locate element: {&amp;quot;method&amp;quot;:&amp;quot;xpath&amp;quot;,&amp;quot;selector&amp;quot;:&amp;quot;//span[@class=&amp;apos;slider round&amp;apos;]&amp;quot;}
  (Session info: chrome=112.0.5615.49)
For documentation on this error, please visit: https://selenium.dev/exceptions/#no_such_element
Build info: version: &amp;apos;4.8.0&amp;apos;, revision: &amp;apos;267030adea&amp;apos;
System info: os.name: &amp;apos;Windows 11&amp;apos;, os.arch: &amp;apos;amd64&amp;apos;, os.version: &amp;apos;10.0&amp;apos;, java.version: &amp;apos;17.0.5&amp;apos;
Driver info: org.openqa.selenium.chrome.ChromeDriver
Command: [6fab206bd37237fac2bfebb88b4b20d8, findElement {using=xpath, value=//span[@class=&amp;apos;slider round&amp;apos;]}]
Capabilities {acceptInsecureCerts: false, browserName: chrome, browserVersion: 112.0.5615.49, chrome: {chromedriverVersion: 112.0.5615.49 (bd2a7bcb881c..., userDataDir: C:\Users\dpran\AppData\Loca...}, goog:chromeOptions: {debuggerAddress: localhost:52927}, networkConnectionEnabled: false, pageLoadStrategy: normal, platformName: WINDOWS, proxy: Proxy(), se:cdp: ws://localhost:52927/devtoo..., se:cdpVersion: 112.0.5615.49, setWindowRect: true, strictFileInteractability: false, timeouts: {implicit: 0, pageLoad: 300000, script: 30000}, unhandledPromptBehavior: dismiss and notify, webauthn:extension:credBlob: true, webauthn:extension:largeBlob: true, webauthn:extension:minPinLength: true, webauthn:extension:prf: true, webauthn:virtualAuthenticators: true}
Session ID: 6fab206bd37237fac2bfebb88b4b20d8">
      <![CDATA[org.openqa.selenium.NoSuchElementException: no such element: Unable to locate element: {"method":"xpath","selector":"//span[@class='slider round']"}
  (Session info: chrome=112.0.5615.49)
For documentation on this error, please visit: https://selenium.dev/exceptions/#no_such_element
Build info: version: '4.8.0', revision: '267030adea'
System info: os.name: 'Windows 11', os.arch: 'amd64', os.version: '10.0', java.version: '17.0.5'
Driver info: org.openqa.selenium.chrome.ChromeDriver
Command: [6fab206bd37237fac2bfebb88b4b20d8, findElement {using=xpath, value=//span[@class='slider round']}]
Capabilities {acceptInsecureCerts: false, browserName: chrome, browserVersion: 112.0.5615.49, chrome: {chromedriverVersion: 112.0.5615.49 (bd2a7bcb881c..., userDataDir: C:\Users\dpran\AppData\Loca...}, goog:chromeOptions: {debuggerAddress: localhost:52927}, networkConnectionEnabled: false, pageLoadStrategy: normal, platformName: WINDOWS, proxy: Proxy(), se:cdp: ws://localhost:52927/devtoo..., se:cdpVersion: 112.0.5615.49, setWindowRect: true, strictFileInteractability: false, timeouts: {implicit: 0, pageLoad: 300000, script: 30000}, unhandledPromptBehavior: dismiss and notify, webauthn:extension:credBlob: true, webauthn:extension:largeBlob: true, webauthn:extension:minPinLength: true, webauthn:extension:prf: true, webauthn:virtualAuthenticators: true}
Session ID: 6fab206bd37237fac2bfebb88b4b20d8
at org.openqa.selenium.remote.codec.w3c.W3CHttpResponseCodec.createException(W3CHttpResponseCodec.java:200)
at org.openqa.selenium.remote.codec.w3c.W3CHttpResponseCodec.decode(W3CHttpResponseCodec.java:133)
at org.openqa.selenium.remote.codec.w3c.W3CHttpResponseCodec.decode(W3CHttpResponseCodec.java:53)
at org.openqa.selenium.remote.HttpCommandExecutor.execute(HttpCommandExecutor.java:184)
at org.openqa.selenium.remote.service.DriverCommandExecutor.invokeExecute(DriverCommandExecutor.java:167)
at org.openqa.selenium.remote.service.DriverCommandExecutor.execute(DriverCommandExecutor.java:142)
at org.openqa.selenium.remote.RemoteWebDriver.execute(RemoteWebDriver.java:543)
at org.openqa.selenium.remote.ElementLocation$ElementFinder$2.findElement(ElementLocation.java:162)
at org.openqa.selenium.remote.ElementLocation.findElement(ElementLocation.java:60)
at org.openqa.selenium.remote.RemoteWebDriver.findElement(RemoteWebDriver.java:352)
at org.openqa.selenium.remote.RemoteWebDriver.findElement(RemoteWebDriver.java:344)
at costCalculator_tests.Test_CalculateCost.Test_Calculate_Cost_For_Procedure(Test_CalculateCost.java:37)
at java.base/java.util.ArrayList.forEach(ArrayList.java:1511)
... Removed 32 stack frames]]>
    </failure>
  </testcase> <!-- Test_Calculate_Cost_For_Procedure -->
  <testcase classname="costCalculator_tests.Test_CalculateCost" name="Test_Calculate_Cost_For_Procedure" time="30.01">
    <failure type="org.openqa.selenium.NoSuchElementException" message="no such element: Unable to locate element: {&amp;quot;method&amp;quot;:&amp;quot;xpath&amp;quot;,&amp;quot;selector&amp;quot;:&amp;quot;//span[@class=&amp;apos;slider round&amp;apos;]&amp;quot;}
  (Session info: chrome=112.0.5615.49)
For documentation on this error, please visit: https://selenium.dev/exceptions/#no_such_element
Build info: version: &amp;apos;4.8.0&amp;apos;, revision: &amp;apos;267030adea&amp;apos;
System info: os.name: &amp;apos;Windows 11&amp;apos;, os.arch: &amp;apos;amd64&amp;apos;, os.version: &amp;apos;10.0&amp;apos;, java.version: &amp;apos;17.0.5&amp;apos;
Driver info: org.openqa.selenium.chrome.ChromeDriver
Command: [81c14d3515c125fc02c1d0af4dd6d16f, findElement {using=xpath, value=//span[@class=&amp;apos;slider round&amp;apos;]}]
Capabilities {acceptInsecureCerts: false, browserName: chrome, browserVersion: 112.0.5615.49, chrome: {chromedriverVersion: 112.0.5615.49 (bd2a7bcb881c..., userDataDir: C:\Users\dpran\AppData\Loca...}, goog:chromeOptions: {debuggerAddress: localhost:52966}, networkConnectionEnabled: false, pageLoadStrategy: normal, platformName: WINDOWS, proxy: Proxy(), se:cdp: ws://localhost:52966/devtoo..., se:cdpVersion: 112.0.5615.49, setWindowRect: true, strictFileInteractability: false, timeouts: {implicit: 0, pageLoad: 300000, script: 30000}, unhandledPromptBehavior: dismiss and notify, webauthn:extension:credBlob: true, webauthn:extension:largeBlob: true, webauthn:extension:minPinLength: true, webauthn:extension:prf: true, webauthn:virtualAuthenticators: true}
Session ID: 81c14d3515c125fc02c1d0af4dd6d16f">
      <![CDATA[org.openqa.selenium.NoSuchElementException: no such element: Unable to locate element: {"method":"xpath","selector":"//span[@class='slider round']"}
  (Session info: chrome=112.0.5615.49)
For documentation on this error, please visit: https://selenium.dev/exceptions/#no_such_element
Build info: version: '4.8.0', revision: '267030adea'
System info: os.name: 'Windows 11', os.arch: 'amd64', os.version: '10.0', java.version: '17.0.5'
Driver info: org.openqa.selenium.chrome.ChromeDriver
Command: [81c14d3515c125fc02c1d0af4dd6d16f, findElement {using=xpath, value=//span[@class='slider round']}]
Capabilities {acceptInsecureCerts: false, browserName: chrome, browserVersion: 112.0.5615.49, chrome: {chromedriverVersion: 112.0.5615.49 (bd2a7bcb881c..., userDataDir: C:\Users\dpran\AppData\Loca...}, goog:chromeOptions: {debuggerAddress: localhost:52966}, networkConnectionEnabled: false, pageLoadStrategy: normal, platformName: WINDOWS, proxy: Proxy(), se:cdp: ws://localhost:52966/devtoo..., se:cdpVersion: 112.0.5615.49, setWindowRect: true, strictFileInteractability: false, timeouts: {implicit: 0, pageLoad: 300000, script: 30000}, unhandledPromptBehavior: dismiss and notify, webauthn:extension:credBlob: true, webauthn:extension:largeBlob: true, webauthn:extension:minPinLength: true, webauthn:extension:prf: true, webauthn:virtualAuthenticators: true}
Session ID: 81c14d3515c125fc02c1d0af4dd6d16f
at org.openqa.selenium.remote.codec.w3c.W3CHttpResponseCodec.createException(W3CHttpResponseCodec.java:200)
at org.openqa.selenium.remote.codec.w3c.W3CHttpResponseCodec.decode(W3CHttpResponseCodec.java:133)
at org.openqa.selenium.remote.codec.w3c.W3CHttpResponseCodec.decode(W3CHttpResponseCodec.java:53)
at org.openqa.selenium.remote.HttpCommandExecutor.execute(HttpCommandExecutor.java:184)
at org.openqa.selenium.remote.service.DriverCommandExecutor.invokeExecute(DriverCommandExecutor.java:167)
at org.openqa.selenium.remote.service.DriverCommandExecutor.execute(DriverCommandExecutor.java:142)
at org.openqa.selenium.remote.RemoteWebDriver.execute(RemoteWebDriver.java:543)
at org.openqa.selenium.remote.ElementLocation$ElementFinder$2.findElement(ElementLocation.java:162)
at org.openqa.selenium.remote.ElementLocation.findElement(ElementLocation.java:60)
at org.openqa.selenium.remote.RemoteWebDriver.findElement(RemoteWebDriver.java:352)
at org.openqa.selenium.remote.RemoteWebDriver.findElement(RemoteWebDriver.java:344)
at costCalculator_tests.Test_CalculateCost.Test_Calculate_Cost_For_Procedure(Test_CalculateCost.java:37)
at java.base/java.util.ArrayList.forEach(ArrayList.java:1511)
... Removed 32 stack frames]]>
    </failure>
  </testcase> <!-- Test_Calculate_Cost_For_Procedure -->
  <testcase classname="costCalculator_tests.Test_CalculateCost" name="Test_SuperDoctor_View_Quotation" time="13.664"/>
  <testcase classname="login_Roles_tests.Test_Login_For_Different_Roles" name="Test_Consultatnt_is_able_to_Login_Application" time="16.711"/>
  <testcase classname="login_Roles_tests.Test_Login_For_Different_Roles" name="Test_Doctor_is_able_to_Login_Application" time="19.841"/>
  <testcase classname="login_Roles_tests.Test_Login_For_Different_Roles" name="Test_FrontDesk_is_able_to_Login_Application" time="17.295"/>
  <testcase classname="login_Roles_tests.Test_Login_For_Different_Roles" name="Test_Manager_is_able_to_Login_Application" time="18.677"/>
  <testcase classname="login_Roles_tests.Test_Login_For_Different_Roles" name="Test_SuperAdmin_is_able_to_Login_Application" time="18.497"/>
  <testcase classname="login_Roles_tests.Test_Login_For_Different_Roles" name="Test_SuperDoctor_is_able_to_Login_Application" time="20.01"/>
  <testcase classname="login_Roles_tests.Test_Login_For_Different_Roles" name="Test_Therpist_is_able_to_Login_Application" time="17.359"/>
  <testcase classname="patients_tests.Test_NewPatients_Registration" name="Test_Patient_Image_Upload" time="23.68"/>
  <testcase classname="patients_tests.Test_NewPatients_Registration" name="Test_RegisterNew_Patient_With_Unique_PhoneNumber" time="16.58"/>
  <testcase classname="payments_tests.Test_Calculations_In_CreditNotes" name="Test_TotalAmount_InCreditNote_BasedOn_Quantity_And_CostPerUnit" time="20.745"/>
  <testcase classname="payments_tests.Test_Calculations_In_CreditNotes" name="Test_TotalAmount_InCreditNote_BasedOn_Quantity_And_CostPerUnit" time="21.639"/>
  <testcase classname="superdoctor_tests.Test_SearchFunctionality_in_SuperDoctor_Role" name="Test_Search_By_DoctorNamein_ConsultationsScreen" time="15.621"/>
  <testcase classname="superdoctor_tests.Test_SearchFunctionality_in_SuperDoctor_Role" name="Test_Search_By_DoctorNamein_appointmentsScreen" time="32.498">
    <failure type="org.openqa.selenium.NoSuchElementException" message="no such element: Unable to locate element: {&amp;quot;method&amp;quot;:&amp;quot;xpath&amp;quot;,&amp;quot;selector&amp;quot;:&amp;quot;//label[text()=&amp;apos;Doctor&amp;apos;]&amp;quot;}
  (Session info: chrome=112.0.5615.49)
For documentation on this error, please visit: https://selenium.dev/exceptions/#no_such_element
Build info: version: &amp;apos;4.8.0&amp;apos;, revision: &amp;apos;267030adea&amp;apos;
System info: os.name: &amp;apos;Windows 11&amp;apos;, os.arch: &amp;apos;amd64&amp;apos;, os.version: &amp;apos;10.0&amp;apos;, java.version: &amp;apos;17.0.5&amp;apos;
Driver info: org.openqa.selenium.chrome.ChromeDriver
Command: [e20bd23b3126cd08cc2fcbdbb69d9954, findElement {using=xpath, value=//label[text()=&amp;apos;Doctor&amp;apos;]}]
Capabilities {acceptInsecureCerts: false, browserName: chrome, browserVersion: 112.0.5615.49, chrome: {chromedriverVersion: 112.0.5615.49 (bd2a7bcb881c..., userDataDir: C:\Users\dpran\AppData\Loca...}, goog:chromeOptions: {debuggerAddress: localhost:53495}, networkConnectionEnabled: false, pageLoadStrategy: normal, platformName: WINDOWS, proxy: Proxy(), se:cdp: ws://localhost:53495/devtoo..., se:cdpVersion: 112.0.5615.49, setWindowRect: true, strictFileInteractability: false, timeouts: {implicit: 0, pageLoad: 300000, script: 30000}, unhandledPromptBehavior: dismiss and notify, webauthn:extension:credBlob: true, webauthn:extension:largeBlob: true, webauthn:extension:minPinLength: true, webauthn:extension:prf: true, webauthn:virtualAuthenticators: true}
Session ID: e20bd23b3126cd08cc2fcbdbb69d9954">
      <![CDATA[org.openqa.selenium.NoSuchElementException: no such element: Unable to locate element: {"method":"xpath","selector":"//label[text()='Doctor']"}
  (Session info: chrome=112.0.5615.49)
For documentation on this error, please visit: https://selenium.dev/exceptions/#no_such_element
Build info: version: '4.8.0', revision: '267030adea'
System info: os.name: 'Windows 11', os.arch: 'amd64', os.version: '10.0', java.version: '17.0.5'
Driver info: org.openqa.selenium.chrome.ChromeDriver
Command: [e20bd23b3126cd08cc2fcbdbb69d9954, findElement {using=xpath, value=//label[text()='Doctor']}]
Capabilities {acceptInsecureCerts: false, browserName: chrome, browserVersion: 112.0.5615.49, chrome: {chromedriverVersion: 112.0.5615.49 (bd2a7bcb881c..., userDataDir: C:\Users\dpran\AppData\Loca...}, goog:chromeOptions: {debuggerAddress: localhost:53495}, networkConnectionEnabled: false, pageLoadStrategy: normal, platformName: WINDOWS, proxy: Proxy(), se:cdp: ws://localhost:53495/devtoo..., se:cdpVersion: 112.0.5615.49, setWindowRect: true, strictFileInteractability: false, timeouts: {implicit: 0, pageLoad: 300000, script: 30000}, unhandledPromptBehavior: dismiss and notify, webauthn:extension:credBlob: true, webauthn:extension:largeBlob: true, webauthn:extension:minPinLength: true, webauthn:extension:prf: true, webauthn:virtualAuthenticators: true}
Session ID: e20bd23b3126cd08cc2fcbdbb69d9954
at org.openqa.selenium.remote.codec.w3c.W3CHttpResponseCodec.createException(W3CHttpResponseCodec.java:200)
at org.openqa.selenium.remote.codec.w3c.W3CHttpResponseCodec.decode(W3CHttpResponseCodec.java:133)
at org.openqa.selenium.remote.codec.w3c.W3CHttpResponseCodec.decode(W3CHttpResponseCodec.java:53)
at org.openqa.selenium.remote.HttpCommandExecutor.execute(HttpCommandExecutor.java:184)
at org.openqa.selenium.remote.service.DriverCommandExecutor.invokeExecute(DriverCommandExecutor.java:167)
at org.openqa.selenium.remote.service.DriverCommandExecutor.execute(DriverCommandExecutor.java:142)
at org.openqa.selenium.remote.RemoteWebDriver.execute(RemoteWebDriver.java:543)
at org.openqa.selenium.remote.ElementLocation$ElementFinder$2.findElement(ElementLocation.java:162)
at org.openqa.selenium.remote.ElementLocation.findElement(ElementLocation.java:60)
at org.openqa.selenium.remote.RemoteWebDriver.findElement(RemoteWebDriver.java:352)
at org.openqa.selenium.remote.RemoteWebDriver.findElement(RemoteWebDriver.java:344)
at org.openqa.selenium.support.pagefactory.DefaultElementLocator.findElement(DefaultElementLocator.java:70)
at org.openqa.selenium.support.pagefactory.internal.LocatingElementHandler.invoke(LocatingElementHandler.java:39)
at jdk.proxy2/jdk.proxy2.$Proxy18.click(Unknown Source)
at superdoctor_tests.Test_SearchFunctionality_in_SuperDoctor_Role.Test_Search_By_DoctorNamein_appointmentsScreen(Test_SearchFunctionality_in_SuperDoctor_Role.java:47)
at java.base/java.util.ArrayList.forEach(ArrayList.java:1511)
... Removed 32 stack frames]]>
    </failure>
  </testcase> <!-- Test_Search_By_DoctorNamein_appointmentsScreen -->
  <testcase classname="superdoctor_tests.Test_SearchFunctionality_in_SuperDoctor_Role" name="Test_Search_By_PatientName_in_ConsultationsScreen" time="17.213"/>
  <testcase classname="superdoctor_tests.Test_SearchFunctionality_in_SuperDoctor_Role" name="Test_Search_By_PatientName_in_appointmentsScreen" time="32.224">
    <failure type="org.openqa.selenium.NoSuchElementException" message="no such element: Unable to locate element: {&amp;quot;method&amp;quot;:&amp;quot;xpath&amp;quot;,&amp;quot;selector&amp;quot;:&amp;quot;//label[text()=&amp;apos;Patient&amp;apos;]&amp;quot;}
  (Session info: chrome=112.0.5615.49)
For documentation on this error, please visit: https://selenium.dev/exceptions/#no_such_element
Build info: version: &amp;apos;4.8.0&amp;apos;, revision: &amp;apos;267030adea&amp;apos;
System info: os.name: &amp;apos;Windows 11&amp;apos;, os.arch: &amp;apos;amd64&amp;apos;, os.version: &amp;apos;10.0&amp;apos;, java.version: &amp;apos;17.0.5&amp;apos;
Driver info: org.openqa.selenium.chrome.ChromeDriver
Command: [95d13783ff6cffa524eba171d64a0362, findElement {using=xpath, value=//label[text()=&amp;apos;Patient&amp;apos;]}]
Capabilities {acceptInsecureCerts: false, browserName: chrome, browserVersion: 112.0.5615.49, chrome: {chromedriverVersion: 112.0.5615.49 (bd2a7bcb881c..., userDataDir: C:\Users\dpran\AppData\Loca...}, goog:chromeOptions: {debuggerAddress: localhost:53580}, networkConnectionEnabled: false, pageLoadStrategy: normal, platformName: WINDOWS, proxy: Proxy(), se:cdp: ws://localhost:53580/devtoo..., se:cdpVersion: 112.0.5615.49, setWindowRect: true, strictFileInteractability: false, timeouts: {implicit: 0, pageLoad: 300000, script: 30000}, unhandledPromptBehavior: dismiss and notify, webauthn:extension:credBlob: true, webauthn:extension:largeBlob: true, webauthn:extension:minPinLength: true, webauthn:extension:prf: true, webauthn:virtualAuthenticators: true}
Session ID: 95d13783ff6cffa524eba171d64a0362">
      <![CDATA[org.openqa.selenium.NoSuchElementException: no such element: Unable to locate element: {"method":"xpath","selector":"//label[text()='Patient']"}
  (Session info: chrome=112.0.5615.49)
For documentation on this error, please visit: https://selenium.dev/exceptions/#no_such_element
Build info: version: '4.8.0', revision: '267030adea'
System info: os.name: 'Windows 11', os.arch: 'amd64', os.version: '10.0', java.version: '17.0.5'
Driver info: org.openqa.selenium.chrome.ChromeDriver
Command: [95d13783ff6cffa524eba171d64a0362, findElement {using=xpath, value=//label[text()='Patient']}]
Capabilities {acceptInsecureCerts: false, browserName: chrome, browserVersion: 112.0.5615.49, chrome: {chromedriverVersion: 112.0.5615.49 (bd2a7bcb881c..., userDataDir: C:\Users\dpran\AppData\Loca...}, goog:chromeOptions: {debuggerAddress: localhost:53580}, networkConnectionEnabled: false, pageLoadStrategy: normal, platformName: WINDOWS, proxy: Proxy(), se:cdp: ws://localhost:53580/devtoo..., se:cdpVersion: 112.0.5615.49, setWindowRect: true, strictFileInteractability: false, timeouts: {implicit: 0, pageLoad: 300000, script: 30000}, unhandledPromptBehavior: dismiss and notify, webauthn:extension:credBlob: true, webauthn:extension:largeBlob: true, webauthn:extension:minPinLength: true, webauthn:extension:prf: true, webauthn:virtualAuthenticators: true}
Session ID: 95d13783ff6cffa524eba171d64a0362
at org.openqa.selenium.remote.codec.w3c.W3CHttpResponseCodec.createException(W3CHttpResponseCodec.java:200)
at org.openqa.selenium.remote.codec.w3c.W3CHttpResponseCodec.decode(W3CHttpResponseCodec.java:133)
at org.openqa.selenium.remote.codec.w3c.W3CHttpResponseCodec.decode(W3CHttpResponseCodec.java:53)
at org.openqa.selenium.remote.HttpCommandExecutor.execute(HttpCommandExecutor.java:184)
at org.openqa.selenium.remote.service.DriverCommandExecutor.invokeExecute(DriverCommandExecutor.java:167)
at org.openqa.selenium.remote.service.DriverCommandExecutor.execute(DriverCommandExecutor.java:142)
at org.openqa.selenium.remote.RemoteWebDriver.execute(RemoteWebDriver.java:543)
at org.openqa.selenium.remote.ElementLocation$ElementFinder$2.findElement(ElementLocation.java:162)
at org.openqa.selenium.remote.ElementLocation.findElement(ElementLocation.java:60)
at org.openqa.selenium.remote.RemoteWebDriver.findElement(RemoteWebDriver.java:352)
at org.openqa.selenium.remote.RemoteWebDriver.findElement(RemoteWebDriver.java:344)
at org.openqa.selenium.support.pagefactory.DefaultElementLocator.findElement(DefaultElementLocator.java:70)
at org.openqa.selenium.support.pagefactory.internal.LocatingElementHandler.invoke(LocatingElementHandler.java:39)
at jdk.proxy2/jdk.proxy2.$Proxy18.click(Unknown Source)
at superdoctor_tests.Test_SearchFunctionality_in_SuperDoctor_Role.Test_Search_By_PatientName_in_appointmentsScreen(Test_SearchFunctionality_in_SuperDoctor_Role.java:24)
at java.base/java.util.ArrayList.forEach(ArrayList.java:1511)
... Removed 32 stack frames]]>
    </failure>
  </testcase> <!-- Test_Search_By_PatientName_in_appointmentsScreen -->
  <testcase classname="consultant_tests.Test_Consultant_is_able_to_access_filters" name="Test_Consultant_is_able_to_apply_Consultationfilter_in_appointmentsScreen" time="11.615"/>
  <testcase classname="consultant_tests.Test_Consultant_is_able_to_access_filters" name="Test_Consultant_is_able_to_apply_Counsellingfilter_in_appointmentsScreen" time="10.628"/>
  <testcase classname="consultant_tests.Test_Consultant_is_able_to_access_filters" name="Test_Consultant_is_able_to_apply_Sessionfilter_in_appointmentsScreen" time="11.077"/>
  <testcase classname="accountant_tests.Test_Accountant_is_able_to_make_Payment" name="Test_Accountant_is_able_to_make_Payment" time="0.002"/>
  <testcase classname="doctor_tests.Test_Doctor_is_able_to_access_filters" name="Test_Doctor_is_able_to_apply_Consultationfilter_in_appointmentsScreen" time="10.982"/>
  <testcase classname="doctor_tests.Test_Doctor_is_able_to_access_filters" name="Test_Doctor_is_able_to_apply_Counsellingfilter_in_appointmentsScreen" time="10.856"/>
  <testcase classname="doctor_tests.Test_Doctor_is_able_to_access_filters" name="Test_Doctor_is_able_to_apply_Sessionfilter_in_appointmentsScreen" time="9.445"/>
  <testcase classname="calendar_booking_tests.Test_Consultation_Appointment_Flow" name="Test_FrontDesk_is_able_to_book_consultation_appointment" time="29.389"/>
  <testcase classname="frontdesk_tests.Test_FrontDesk_is_able_to_access_filters_in_consultations_screen" name="Test_FrontDesk_is_able_to_AllFilter" time="15.276"/>
  <testcase classname="frontdesk_tests.Test_FrontDesk_is_able_to_access_filters_in_consultations_screen" name="Test_FrontDesk_is_able_to_Apply_PatientStaus_AllFilter" time="13.674"/>
  <testcase classname="frontdesk_tests.Test_FrontDesk_is_able_to_access_filters_in_consultations_screen" name="Test_FrontDesk_is_able_to_Apply_PatientStaus_CheckOutFilter" time="15.121"/>
  <testcase classname="frontdesk_tests.Test_FrontDesk_is_able_to_access_filters_in_consultations_screen" name="Test_FrontDesk_is_able_to_Apply_PatientStaus_CheckinFilter" time="15.557"/>
  <testcase classname="frontdesk_tests.Test_FrontDesk_is_able_to_access_filters_in_consultations_screen" name="Test_FrontDesk_is_able_to_Apply_PatientStaus_EngagedFilter" time="13.663"/>
  <testcase classname="frontdesk_tests.Test_FrontDesk_is_able_to_access_filters_in_consultations_screen" name="Test_FrontDesk_is_able_to_CancelledFilter" time="14.819"/>
  <testcase classname="frontdesk_tests.Test_FrontDesk_is_able_to_access_filters_in_consultations_screen" name="Test_FrontDesk_is_able_to_DraftFilter" time="16.005"/>
  <testcase classname="frontdesk_tests.Test_FrontDesk_is_able_to_access_filters_in_consultations_screen" name="Test_FrontDesk_is_able_to_ScheduledFilter" time="14.932"/>
  <testcase classname="payments_tests.Test_Calculations_In_Payments" name="Test_Total_Amount_BasedOn_UnitQuantity_CostPerUnit" time="25.112"/>
  <testcase classname="superdoctor_tests.Test_SuperDoctor_is_able_to_access_filters" name="Test_SuperDoctor_is_able_to_apply_Consultationfilter_in_appointmentsScreen" time="9.865"/>
  <testcase classname="superdoctor_tests.Test_SuperDoctor_is_able_to_access_filters" name="Test_SuperDoctor_is_able_to_apply_Counsellingfilter_in_appointmentsScreen" time="10.533"/>
  <testcase classname="superdoctor_tests.Test_SuperDoctor_is_able_to_access_filters" name="Test_SuperDoctor_is_able_to_apply_Sessionfilter_in_appointmentsScreen" time="10.868"/>
  <testcase classname="doctor_tests.Test_Doctor_is_able_to_change_patient_journey_status" name="Test_Doctor_Booking_Consultation_Appointment" time="38.967"/>
  <testcase classname="calendar_booking_tests.Test_Counselling_Appointment_Flow" name="Test_FrontDesk_is_able_to_book_Counselling_appointment" time="42.515"/>
  <testcase classname="frontdesk_tests.Test_FrontDesk_is_able_to_access_filters_in_procedure_screen" name="Test_FrontDesk_is_able_to_check_CancelledSessions" time="17.266"/>
  <testcase classname="frontdesk_tests.Test_FrontDesk_is_able_to_access_filters_in_procedure_screen" name="Test_FrontDesk_is_able_to_check_DraftedSessions" time="15.825"/>
  <testcase classname="frontdesk_tests.Test_FrontDesk_is_able_to_access_filters_in_procedure_screen" name="Test_FrontDesk_is_able_to_check_ScheduledSessions" time="14.701"/>
  <testcase classname="payments_tests.Test_Calender_Functionality_In_Payments" name="Test_Invoice_Calender_Opening" time="0.001"/>
  <testcase classname="superdoctor_tests.Test_SuperDoctor_is_Able_To_AddNew_Room" name="Test_SuperDoctor_is_Able_To_AddNew_Room" time="15.102"/>
  <testcase classname="superdoctor_tests.Test_SuperDoctor_is_Able_To_AddNew_Room" name="Test_Search_Functionality_in_Rooms" time="9.953"/>
  <testcase classname="doctor_tests.Test_SearxhFunctionality_in_Doctor_Role" name="Test_Search_By_PatientName_in_ConsultationsScreen" time="14.811"/>
  <testcase classname="doctor_tests.Test_SearxhFunctionality_in_Doctor_Role" name="Test_Search_By_PatientName_in_appointmentsScreen" time="31.242">
    <failure type="org.openqa.selenium.NoSuchElementException" message="no such element: Unable to locate element: {&amp;quot;method&amp;quot;:&amp;quot;xpath&amp;quot;,&amp;quot;selector&amp;quot;:&amp;quot;//label[text()=&amp;apos;Patient&amp;apos;]&amp;quot;}
  (Session info: chrome=112.0.5615.49)
For documentation on this error, please visit: https://selenium.dev/exceptions/#no_such_element
Build info: version: &amp;apos;4.8.0&amp;apos;, revision: &amp;apos;267030adea&amp;apos;
System info: os.name: &amp;apos;Windows 11&amp;apos;, os.arch: &amp;apos;amd64&amp;apos;, os.version: &amp;apos;10.0&amp;apos;, java.version: &amp;apos;17.0.5&amp;apos;
Driver info: org.openqa.selenium.chrome.ChromeDriver
Command: [83abd4098aa95591700b9a37732d793f, findElement {using=xpath, value=//label[text()=&amp;apos;Patient&amp;apos;]}]
Capabilities {acceptInsecureCerts: false, browserName: chrome, browserVersion: 112.0.5615.49, chrome: {chromedriverVersion: 112.0.5615.49 (bd2a7bcb881c..., userDataDir: C:\Users\dpran\AppData\Loca...}, goog:chromeOptions: {debuggerAddress: localhost:54778}, networkConnectionEnabled: false, pageLoadStrategy: normal, platformName: WINDOWS, proxy: Proxy(), se:cdp: ws://localhost:54778/devtoo..., se:cdpVersion: 112.0.5615.49, setWindowRect: true, strictFileInteractability: false, timeouts: {implicit: 0, pageLoad: 300000, script: 30000}, unhandledPromptBehavior: dismiss and notify, webauthn:extension:credBlob: true, webauthn:extension:largeBlob: true, webauthn:extension:minPinLength: true, webauthn:extension:prf: true, webauthn:virtualAuthenticators: true}
Session ID: 83abd4098aa95591700b9a37732d793f">
      <![CDATA[org.openqa.selenium.NoSuchElementException: no such element: Unable to locate element: {"method":"xpath","selector":"//label[text()='Patient']"}
  (Session info: chrome=112.0.5615.49)
For documentation on this error, please visit: https://selenium.dev/exceptions/#no_such_element
Build info: version: '4.8.0', revision: '267030adea'
System info: os.name: 'Windows 11', os.arch: 'amd64', os.version: '10.0', java.version: '17.0.5'
Driver info: org.openqa.selenium.chrome.ChromeDriver
Command: [83abd4098aa95591700b9a37732d793f, findElement {using=xpath, value=//label[text()='Patient']}]
Capabilities {acceptInsecureCerts: false, browserName: chrome, browserVersion: 112.0.5615.49, chrome: {chromedriverVersion: 112.0.5615.49 (bd2a7bcb881c..., userDataDir: C:\Users\dpran\AppData\Loca...}, goog:chromeOptions: {debuggerAddress: localhost:54778}, networkConnectionEnabled: false, pageLoadStrategy: normal, platformName: WINDOWS, proxy: Proxy(), se:cdp: ws://localhost:54778/devtoo..., se:cdpVersion: 112.0.5615.49, setWindowRect: true, strictFileInteractability: false, timeouts: {implicit: 0, pageLoad: 300000, script: 30000}, unhandledPromptBehavior: dismiss and notify, webauthn:extension:credBlob: true, webauthn:extension:largeBlob: true, webauthn:extension:minPinLength: true, webauthn:extension:prf: true, webauthn:virtualAuthenticators: true}
Session ID: 83abd4098aa95591700b9a37732d793f
at org.openqa.selenium.remote.codec.w3c.W3CHttpResponseCodec.createException(W3CHttpResponseCodec.java:200)
at org.openqa.selenium.remote.codec.w3c.W3CHttpResponseCodec.decode(W3CHttpResponseCodec.java:133)
at org.openqa.selenium.remote.codec.w3c.W3CHttpResponseCodec.decode(W3CHttpResponseCodec.java:53)
at org.openqa.selenium.remote.HttpCommandExecutor.execute(HttpCommandExecutor.java:184)
at org.openqa.selenium.remote.service.DriverCommandExecutor.invokeExecute(DriverCommandExecutor.java:167)
at org.openqa.selenium.remote.service.DriverCommandExecutor.execute(DriverCommandExecutor.java:142)
at org.openqa.selenium.remote.RemoteWebDriver.execute(RemoteWebDriver.java:543)
at org.openqa.selenium.remote.ElementLocation$ElementFinder$2.findElement(ElementLocation.java:162)
at org.openqa.selenium.remote.ElementLocation.findElement(ElementLocation.java:60)
at org.openqa.selenium.remote.RemoteWebDriver.findElement(RemoteWebDriver.java:352)
at org.openqa.selenium.remote.RemoteWebDriver.findElement(RemoteWebDriver.java:344)
at org.openqa.selenium.support.pagefactory.DefaultElementLocator.findElement(DefaultElementLocator.java:70)
at org.openqa.selenium.support.pagefactory.internal.LocatingElementHandler.invoke(LocatingElementHandler.java:39)
at jdk.proxy2/jdk.proxy2.$Proxy18.click(Unknown Source)
at doctor_tests.Test_SearxhFunctionality_in_Doctor_Role.Test_Search_By_PatientName_in_appointmentsScreen(Test_SearxhFunctionality_in_Doctor_Role.java:22)
at java.base/java.util.ArrayList.forEach(ArrayList.java:1511)
... Removed 32 stack frames]]>
    </failure>
  </testcase> <!-- Test_Search_By_PatientName_in_appointmentsScreen -->
  <testcase classname="calendar_booking_tests.Test_Make_Payment_For_Counselling_Session_From_Calendar" name="Test_FrontDesk_is_able_to_MakePayment_For_Counselling_Session" time="34.105"/>
  <testcase classname="frontdesk_tests.Test_FrontDesk_is_able_to_change_patient_journey_status" name="Test_FrontDesk_is_able_to_change_patient_journey_status_to_Checkin" time="31.404"/>
  <testcase classname="frontdesk_tests.Test_FrontDesk_is_able_to_change_patient_journey_status" name="Test_FrontDesk_is_able_to_change_patient_journey_status_to_Checkout" time="11.333"/>
  <testcase classname="frontdesk_tests.Test_FrontDesk_is_able_to_change_patient_journey_status" name="Test_FrontDesk_is_able_to_change_patient_journey_status_to_Confirmed" time="12.005"/>
  <testcase classname="frontdesk_tests.Test_FrontDesk_is_able_to_change_patient_journey_status" name="Test_FrontDesk_is_able_to_change_patient_journey_status_to_Engaged" time="13.802"/>
  <testcase classname="payments_tests.Test_Create_RetainerInvoice" name="Create_New_RetainerInvoice" time="22.974"/>
  <testcase classname="payments_tests.Test_Create_RetainerInvoice" name="Create_New_RetainerInvoice" time="19.705"/>
  <testcase classname="payments_tests.Test_Create_RetainerInvoice" name="Create_New_RetainerInvoice" time="23.585"/>
  <testcase classname="superdoctor_tests.Test_SuperDoctor_is_able_to_Add_Consultation" name="Test_SuperDoctor_is_able_to_add_consultation" time="23.221"/>
  <testcase classname="superdoctor_tests.Test_SuperDoctor_is_able_to_Add_Consultation" name="Test_SuperDoctor_is_able_to_add_consultation_and_save_it_AsDraft" time="14.569"/>
  <testcase classname="superdoctor_tests.Test_SuperDoctor_is_able_to_Add_Consultation" name="Test_SuperDoctor_is_able_to_resume_Drafted_consultation" time="11.98"/>
  <testcase classname="calendar_booking_tests.Test_Session_Appointment_Booking_Flow" name="Test_FrontDesk_is_able_to_book_session_for_Doctor" time="42.513">
    <failure type="org.openqa.selenium.NoSuchElementException" message="no such element: Unable to locate element: {&amp;quot;method&amp;quot;:&amp;quot;xpath&amp;quot;,&amp;quot;selector&amp;quot;:&amp;quot;//input[@placeholder=&amp;apos;Type Patient Name&amp;apos;]&amp;quot;}
  (Session info: chrome=112.0.5615.49)
For documentation on this error, please visit: https://selenium.dev/exceptions/#no_such_element
Build info: version: &amp;apos;4.8.0&amp;apos;, revision: &amp;apos;267030adea&amp;apos;
System info: os.name: &amp;apos;Windows 11&amp;apos;, os.arch: &amp;apos;amd64&amp;apos;, os.version: &amp;apos;10.0&amp;apos;, java.version: &amp;apos;17.0.5&amp;apos;
Driver info: org.openqa.selenium.chrome.ChromeDriver
Command: [c589f7fcae857b3a43d52bae8f14620b, findElement {using=xpath, value=//input[@placeholder=&amp;apos;Type Patient Name&amp;apos;]}]
Capabilities {acceptInsecureCerts: false, browserName: chrome, browserVersion: 112.0.5615.49, chrome: {chromedriverVersion: 112.0.5615.49 (bd2a7bcb881c..., userDataDir: C:\Users\dpran\AppData\Loca...}, goog:chromeOptions: {debuggerAddress: localhost:55285}, networkConnectionEnabled: false, pageLoadStrategy: normal, platformName: WINDOWS, proxy: Proxy(), se:cdp: ws://localhost:55285/devtoo..., se:cdpVersion: 112.0.5615.49, setWindowRect: true, strictFileInteractability: false, timeouts: {implicit: 0, pageLoad: 300000, script: 30000}, unhandledPromptBehavior: dismiss and notify, webauthn:extension:credBlob: true, webauthn:extension:largeBlob: true, webauthn:extension:minPinLength: true, webauthn:extension:prf: true, webauthn:virtualAuthenticators: true}
Session ID: c589f7fcae857b3a43d52bae8f14620b">
      <![CDATA[org.openqa.selenium.NoSuchElementException: no such element: Unable to locate element: {"method":"xpath","selector":"//input[@placeholder='Type Patient Name']"}
  (Session info: chrome=112.0.5615.49)
For documentation on this error, please visit: https://selenium.dev/exceptions/#no_such_element
Build info: version: '4.8.0', revision: '267030adea'
System info: os.name: 'Windows 11', os.arch: 'amd64', os.version: '10.0', java.version: '17.0.5'
Driver info: org.openqa.selenium.chrome.ChromeDriver
Command: [c589f7fcae857b3a43d52bae8f14620b, findElement {using=xpath, value=//input[@placeholder='Type Patient Name']}]
Capabilities {acceptInsecureCerts: false, browserName: chrome, browserVersion: 112.0.5615.49, chrome: {chromedriverVersion: 112.0.5615.49 (bd2a7bcb881c..., userDataDir: C:\Users\dpran\AppData\Loca...}, goog:chromeOptions: {debuggerAddress: localhost:55285}, networkConnectionEnabled: false, pageLoadStrategy: normal, platformName: WINDOWS, proxy: Proxy(), se:cdp: ws://localhost:55285/devtoo..., se:cdpVersion: 112.0.5615.49, setWindowRect: true, strictFileInteractability: false, timeouts: {implicit: 0, pageLoad: 300000, script: 30000}, unhandledPromptBehavior: dismiss and notify, webauthn:extension:credBlob: true, webauthn:extension:largeBlob: true, webauthn:extension:minPinLength: true, webauthn:extension:prf: true, webauthn:virtualAuthenticators: true}
Session ID: c589f7fcae857b3a43d52bae8f14620b
at org.openqa.selenium.remote.codec.w3c.W3CHttpResponseCodec.createException(W3CHttpResponseCodec.java:200)
at org.openqa.selenium.remote.codec.w3c.W3CHttpResponseCodec.decode(W3CHttpResponseCodec.java:133)
at org.openqa.selenium.remote.codec.w3c.W3CHttpResponseCodec.decode(W3CHttpResponseCodec.java:53)
at org.openqa.selenium.remote.HttpCommandExecutor.execute(HttpCommandExecutor.java:184)
at org.openqa.selenium.remote.service.DriverCommandExecutor.invokeExecute(DriverCommandExecutor.java:167)
at org.openqa.selenium.remote.service.DriverCommandExecutor.execute(DriverCommandExecutor.java:142)
at org.openqa.selenium.remote.RemoteWebDriver.execute(RemoteWebDriver.java:543)
at org.openqa.selenium.remote.ElementLocation$ElementFinder$2.findElement(ElementLocation.java:162)
at org.openqa.selenium.remote.ElementLocation.findElement(ElementLocation.java:60)
at org.openqa.selenium.remote.RemoteWebDriver.findElement(RemoteWebDriver.java:352)
at org.openqa.selenium.remote.RemoteWebDriver.findElement(RemoteWebDriver.java:344)
at org.openqa.selenium.support.pagefactory.DefaultElementLocator.findElement(DefaultElementLocator.java:70)
at org.openqa.selenium.support.pagefactory.internal.LocatingElementHandler.invoke(LocatingElementHandler.java:39)
at jdk.proxy2/jdk.proxy2.$Proxy18.sendKeys(Unknown Source)
at calendar_booking_tests.Test_Session_Appointment_Booking_Flow.Test_FrontDesk_is_able_to_book_session_for_Doctor(Test_Session_Appointment_Booking_Flow.java:122)
at java.base/java.util.ArrayList.forEach(ArrayList.java:1511)
... Removed 32 stack frames]]>
    </failure>
  </testcase> <!-- Test_FrontDesk_is_able_to_book_session_for_Doctor -->
  <testcase classname="calendar_booking_tests.Test_Session_Appointment_Booking_Flow" name="Test_FrontDesk_is_able_to_book_session_for_Superdoctor" time="41.937">
    <failure type="org.openqa.selenium.NoSuchElementException" message="no such element: Unable to locate element: {&amp;quot;method&amp;quot;:&amp;quot;xpath&amp;quot;,&amp;quot;selector&amp;quot;:&amp;quot;//input[@placeholder=&amp;apos;Type Patient Name&amp;apos;]&amp;quot;}
  (Session info: chrome=112.0.5615.49)
For documentation on this error, please visit: https://selenium.dev/exceptions/#no_such_element
Build info: version: &amp;apos;4.8.0&amp;apos;, revision: &amp;apos;267030adea&amp;apos;
System info: os.name: &amp;apos;Windows 11&amp;apos;, os.arch: &amp;apos;amd64&amp;apos;, os.version: &amp;apos;10.0&amp;apos;, java.version: &amp;apos;17.0.5&amp;apos;
Driver info: org.openqa.selenium.chrome.ChromeDriver
Command: [35ebbe9febb0b37ee83fba486cbdb036, findElement {using=xpath, value=//input[@placeholder=&amp;apos;Type Patient Name&amp;apos;]}]
Capabilities {acceptInsecureCerts: false, browserName: chrome, browserVersion: 112.0.5615.49, chrome: {chromedriverVersion: 112.0.5615.49 (bd2a7bcb881c..., userDataDir: C:\Users\dpran\AppData\Loca...}, goog:chromeOptions: {debuggerAddress: localhost:55328}, networkConnectionEnabled: false, pageLoadStrategy: normal, platformName: WINDOWS, proxy: Proxy(), se:cdp: ws://localhost:55328/devtoo..., se:cdpVersion: 112.0.5615.49, setWindowRect: true, strictFileInteractability: false, timeouts: {implicit: 0, pageLoad: 300000, script: 30000}, unhandledPromptBehavior: dismiss and notify, webauthn:extension:credBlob: true, webauthn:extension:largeBlob: true, webauthn:extension:minPinLength: true, webauthn:extension:prf: true, webauthn:virtualAuthenticators: true}
Session ID: 35ebbe9febb0b37ee83fba486cbdb036">
      <![CDATA[org.openqa.selenium.NoSuchElementException: no such element: Unable to locate element: {"method":"xpath","selector":"//input[@placeholder='Type Patient Name']"}
  (Session info: chrome=112.0.5615.49)
For documentation on this error, please visit: https://selenium.dev/exceptions/#no_such_element
Build info: version: '4.8.0', revision: '267030adea'
System info: os.name: 'Windows 11', os.arch: 'amd64', os.version: '10.0', java.version: '17.0.5'
Driver info: org.openqa.selenium.chrome.ChromeDriver
Command: [35ebbe9febb0b37ee83fba486cbdb036, findElement {using=xpath, value=//input[@placeholder='Type Patient Name']}]
Capabilities {acceptInsecureCerts: false, browserName: chrome, browserVersion: 112.0.5615.49, chrome: {chromedriverVersion: 112.0.5615.49 (bd2a7bcb881c..., userDataDir: C:\Users\dpran\AppData\Loca...}, goog:chromeOptions: {debuggerAddress: localhost:55328}, networkConnectionEnabled: false, pageLoadStrategy: normal, platformName: WINDOWS, proxy: Proxy(), se:cdp: ws://localhost:55328/devtoo..., se:cdpVersion: 112.0.5615.49, setWindowRect: true, strictFileInteractability: false, timeouts: {implicit: 0, pageLoad: 300000, script: 30000}, unhandledPromptBehavior: dismiss and notify, webauthn:extension:credBlob: true, webauthn:extension:largeBlob: true, webauthn:extension:minPinLength: true, webauthn:extension:prf: true, webauthn:virtualAuthenticators: true}
Session ID: 35ebbe9febb0b37ee83fba486cbdb036
at org.openqa.selenium.remote.codec.w3c.W3CHttpResponseCodec.createException(W3CHttpResponseCodec.java:200)
at org.openqa.selenium.remote.codec.w3c.W3CHttpResponseCodec.decode(W3CHttpResponseCodec.java:133)
at org.openqa.selenium.remote.codec.w3c.W3CHttpResponseCodec.decode(W3CHttpResponseCodec.java:53)
at org.openqa.selenium.remote.HttpCommandExecutor.execute(HttpCommandExecutor.java:184)
at org.openqa.selenium.remote.service.DriverCommandExecutor.invokeExecute(DriverCommandExecutor.java:167)
at org.openqa.selenium.remote.service.DriverCommandExecutor.execute(DriverCommandExecutor.java:142)
at org.openqa.selenium.remote.RemoteWebDriver.execute(RemoteWebDriver.java:543)
at org.openqa.selenium.remote.ElementLocation$ElementFinder$2.findElement(ElementLocation.java:162)
at org.openqa.selenium.remote.ElementLocation.findElement(ElementLocation.java:60)
at org.openqa.selenium.remote.RemoteWebDriver.findElement(RemoteWebDriver.java:352)
at org.openqa.selenium.remote.RemoteWebDriver.findElement(RemoteWebDriver.java:344)
at org.openqa.selenium.support.pagefactory.DefaultElementLocator.findElement(DefaultElementLocator.java:70)
at org.openqa.selenium.support.pagefactory.internal.LocatingElementHandler.invoke(LocatingElementHandler.java:39)
at jdk.proxy2/jdk.proxy2.$Proxy18.sendKeys(Unknown Source)
at calendar_booking_tests.Test_Session_Appointment_Booking_Flow.Test_FrontDesk_is_able_to_book_session_for_Superdoctor(Test_Session_Appointment_Booking_Flow.java:51)
at java.base/java.util.ArrayList.forEach(ArrayList.java:1511)
... Removed 32 stack frames]]>
    </failure>
  </testcase> <!-- Test_FrontDesk_is_able_to_book_session_for_Superdoctor -->
  <testcase classname="calendar_booking_tests.Test_Session_Appointment_Booking_Flow" name="Test_FrontDesk_is_able_to_book_session_for_Therapist" time="42.809">
    <failure type="org.openqa.selenium.NoSuchElementException" message="no such element: Unable to locate element: {&amp;quot;method&amp;quot;:&amp;quot;xpath&amp;quot;,&amp;quot;selector&amp;quot;:&amp;quot;//input[@placeholder=&amp;apos;Type Patient Name&amp;apos;]&amp;quot;}
  (Session info: chrome=112.0.5615.49)
For documentation on this error, please visit: https://selenium.dev/exceptions/#no_such_element
Build info: version: &amp;apos;4.8.0&amp;apos;, revision: &amp;apos;267030adea&amp;apos;
System info: os.name: &amp;apos;Windows 11&amp;apos;, os.arch: &amp;apos;amd64&amp;apos;, os.version: &amp;apos;10.0&amp;apos;, java.version: &amp;apos;17.0.5&amp;apos;
Driver info: org.openqa.selenium.chrome.ChromeDriver
Command: [2667ff808757b1eea3dfe94e176af43f, findElement {using=xpath, value=//input[@placeholder=&amp;apos;Type Patient Name&amp;apos;]}]
Capabilities {acceptInsecureCerts: false, browserName: chrome, browserVersion: 112.0.5615.49, chrome: {chromedriverVersion: 112.0.5615.49 (bd2a7bcb881c..., userDataDir: C:\Users\dpran\AppData\Loca...}, goog:chromeOptions: {debuggerAddress: localhost:55368}, networkConnectionEnabled: false, pageLoadStrategy: normal, platformName: WINDOWS, proxy: Proxy(), se:cdp: ws://localhost:55368/devtoo..., se:cdpVersion: 112.0.5615.49, setWindowRect: true, strictFileInteractability: false, timeouts: {implicit: 0, pageLoad: 300000, script: 30000}, unhandledPromptBehavior: dismiss and notify, webauthn:extension:credBlob: true, webauthn:extension:largeBlob: true, webauthn:extension:minPinLength: true, webauthn:extension:prf: true, webauthn:virtualAuthenticators: true}
Session ID: 2667ff808757b1eea3dfe94e176af43f">
      <![CDATA[org.openqa.selenium.NoSuchElementException: no such element: Unable to locate element: {"method":"xpath","selector":"//input[@placeholder='Type Patient Name']"}
  (Session info: chrome=112.0.5615.49)
For documentation on this error, please visit: https://selenium.dev/exceptions/#no_such_element
Build info: version: '4.8.0', revision: '267030adea'
System info: os.name: 'Windows 11', os.arch: 'amd64', os.version: '10.0', java.version: '17.0.5'
Driver info: org.openqa.selenium.chrome.ChromeDriver
Command: [2667ff808757b1eea3dfe94e176af43f, findElement {using=xpath, value=//input[@placeholder='Type Patient Name']}]
Capabilities {acceptInsecureCerts: false, browserName: chrome, browserVersion: 112.0.5615.49, chrome: {chromedriverVersion: 112.0.5615.49 (bd2a7bcb881c..., userDataDir: C:\Users\dpran\AppData\Loca...}, goog:chromeOptions: {debuggerAddress: localhost:55368}, networkConnectionEnabled: false, pageLoadStrategy: normal, platformName: WINDOWS, proxy: Proxy(), se:cdp: ws://localhost:55368/devtoo..., se:cdpVersion: 112.0.5615.49, setWindowRect: true, strictFileInteractability: false, timeouts: {implicit: 0, pageLoad: 300000, script: 30000}, unhandledPromptBehavior: dismiss and notify, webauthn:extension:credBlob: true, webauthn:extension:largeBlob: true, webauthn:extension:minPinLength: true, webauthn:extension:prf: true, webauthn:virtualAuthenticators: true}
Session ID: 2667ff808757b1eea3dfe94e176af43f
at org.openqa.selenium.remote.codec.w3c.W3CHttpResponseCodec.createException(W3CHttpResponseCodec.java:200)
at org.openqa.selenium.remote.codec.w3c.W3CHttpResponseCodec.decode(W3CHttpResponseCodec.java:133)
at org.openqa.selenium.remote.codec.w3c.W3CHttpResponseCodec.decode(W3CHttpResponseCodec.java:53)
at org.openqa.selenium.remote.HttpCommandExecutor.execute(HttpCommandExecutor.java:184)
at org.openqa.selenium.remote.service.DriverCommandExecutor.invokeExecute(DriverCommandExecutor.java:167)
at org.openqa.selenium.remote.service.DriverCommandExecutor.execute(DriverCommandExecutor.java:142)
at org.openqa.selenium.remote.RemoteWebDriver.execute(RemoteWebDriver.java:543)
at org.openqa.selenium.remote.ElementLocation$ElementFinder$2.findElement(ElementLocation.java:162)
at org.openqa.selenium.remote.ElementLocation.findElement(ElementLocation.java:60)
at org.openqa.selenium.remote.RemoteWebDriver.findElement(RemoteWebDriver.java:352)
at org.openqa.selenium.remote.RemoteWebDriver.findElement(RemoteWebDriver.java:344)
at org.openqa.selenium.support.pagefactory.DefaultElementLocator.findElement(DefaultElementLocator.java:70)
at org.openqa.selenium.support.pagefactory.internal.LocatingElementHandler.invoke(LocatingElementHandler.java:39)
at jdk.proxy2/jdk.proxy2.$Proxy18.sendKeys(Unknown Source)
at calendar_booking_tests.Test_Session_Appointment_Booking_Flow.Test_FrontDesk_is_able_to_book_session_for_Therapist(Test_Session_Appointment_Booking_Flow.java:192)
at java.base/java.util.ArrayList.forEach(ArrayList.java:1511)
... Removed 32 stack frames]]>
    </failure>
  </testcase> <!-- Test_FrontDesk_is_able_to_book_session_for_Therapist -->
  <testcase classname="frontdesk_tests.Test_Search_Functionality_in_FrontDeskRole" name="Test_Search_By_DoctorNamein_ConsultationsScreen" time="16.534"/>
  <testcase classname="frontdesk_tests.Test_Search_Functionality_in_FrontDeskRole" name="Test_Search_By_DoctorNamein_appointmentsScreen" time="30.692">
    <failure type="org.openqa.selenium.NoSuchElementException" message="no such element: Unable to locate element: {&amp;quot;method&amp;quot;:&amp;quot;xpath&amp;quot;,&amp;quot;selector&amp;quot;:&amp;quot;//label[text()=&amp;apos;Doctor&amp;apos;]&amp;quot;}
  (Session info: chrome=112.0.5615.49)
For documentation on this error, please visit: https://selenium.dev/exceptions/#no_such_element
Build info: version: &amp;apos;4.8.0&amp;apos;, revision: &amp;apos;267030adea&amp;apos;
System info: os.name: &amp;apos;Windows 11&amp;apos;, os.arch: &amp;apos;amd64&amp;apos;, os.version: &amp;apos;10.0&amp;apos;, java.version: &amp;apos;17.0.5&amp;apos;
Driver info: org.openqa.selenium.chrome.ChromeDriver
Command: [79762d9e2793347efeb4b4cde0fadf54, findElement {using=xpath, value=//label[text()=&amp;apos;Doctor&amp;apos;]}]
Capabilities {acceptInsecureCerts: false, browserName: chrome, browserVersion: 112.0.5615.49, chrome: {chromedriverVersion: 112.0.5615.49 (bd2a7bcb881c..., userDataDir: C:\Users\dpran\AppData\Loca...}, goog:chromeOptions: {debuggerAddress: localhost:55455}, networkConnectionEnabled: false, pageLoadStrategy: normal, platformName: WINDOWS, proxy: Proxy(), se:cdp: ws://localhost:55455/devtoo..., se:cdpVersion: 112.0.5615.49, setWindowRect: true, strictFileInteractability: false, timeouts: {implicit: 0, pageLoad: 300000, script: 30000}, unhandledPromptBehavior: dismiss and notify, webauthn:extension:credBlob: true, webauthn:extension:largeBlob: true, webauthn:extension:minPinLength: true, webauthn:extension:prf: true, webauthn:virtualAuthenticators: true}
Session ID: 79762d9e2793347efeb4b4cde0fadf54">
      <![CDATA[org.openqa.selenium.NoSuchElementException: no such element: Unable to locate element: {"method":"xpath","selector":"//label[text()='Doctor']"}
  (Session info: chrome=112.0.5615.49)
For documentation on this error, please visit: https://selenium.dev/exceptions/#no_such_element
Build info: version: '4.8.0', revision: '267030adea'
System info: os.name: 'Windows 11', os.arch: 'amd64', os.version: '10.0', java.version: '17.0.5'
Driver info: org.openqa.selenium.chrome.ChromeDriver
Command: [79762d9e2793347efeb4b4cde0fadf54, findElement {using=xpath, value=//label[text()='Doctor']}]
Capabilities {acceptInsecureCerts: false, browserName: chrome, browserVersion: 112.0.5615.49, chrome: {chromedriverVersion: 112.0.5615.49 (bd2a7bcb881c..., userDataDir: C:\Users\dpran\AppData\Loca...}, goog:chromeOptions: {debuggerAddress: localhost:55455}, networkConnectionEnabled: false, pageLoadStrategy: normal, platformName: WINDOWS, proxy: Proxy(), se:cdp: ws://localhost:55455/devtoo..., se:cdpVersion: 112.0.5615.49, setWindowRect: true, strictFileInteractability: false, timeouts: {implicit: 0, pageLoad: 300000, script: 30000}, unhandledPromptBehavior: dismiss and notify, webauthn:extension:credBlob: true, webauthn:extension:largeBlob: true, webauthn:extension:minPinLength: true, webauthn:extension:prf: true, webauthn:virtualAuthenticators: true}
Session ID: 79762d9e2793347efeb4b4cde0fadf54
at org.openqa.selenium.remote.codec.w3c.W3CHttpResponseCodec.createException(W3CHttpResponseCodec.java:200)
at org.openqa.selenium.remote.codec.w3c.W3CHttpResponseCodec.decode(W3CHttpResponseCodec.java:133)
at org.openqa.selenium.remote.codec.w3c.W3CHttpResponseCodec.decode(W3CHttpResponseCodec.java:53)
at org.openqa.selenium.remote.HttpCommandExecutor.execute(HttpCommandExecutor.java:184)
at org.openqa.selenium.remote.service.DriverCommandExecutor.invokeExecute(DriverCommandExecutor.java:167)
at org.openqa.selenium.remote.service.DriverCommandExecutor.execute(DriverCommandExecutor.java:142)
at org.openqa.selenium.remote.RemoteWebDriver.execute(RemoteWebDriver.java:543)
at org.openqa.selenium.remote.ElementLocation$ElementFinder$2.findElement(ElementLocation.java:162)
at org.openqa.selenium.remote.ElementLocation.findElement(ElementLocation.java:60)
at org.openqa.selenium.remote.RemoteWebDriver.findElement(RemoteWebDriver.java:352)
at org.openqa.selenium.remote.RemoteWebDriver.findElement(RemoteWebDriver.java:344)
at org.openqa.selenium.support.pagefactory.DefaultElementLocator.findElement(DefaultElementLocator.java:70)
at org.openqa.selenium.support.pagefactory.internal.LocatingElementHandler.invoke(LocatingElementHandler.java:39)
at jdk.proxy2/jdk.proxy2.$Proxy18.click(Unknown Source)
at frontdesk_tests.Test_Search_Functionality_in_FrontDeskRole.Test_Search_By_DoctorNamein_appointmentsScreen(Test_Search_Functionality_in_FrontDeskRole.java:47)
at java.base/java.util.ArrayList.forEach(ArrayList.java:1511)
... Removed 32 stack frames]]>
    </failure>
  </testcase> <!-- Test_Search_By_DoctorNamein_appointmentsScreen -->
  <testcase classname="frontdesk_tests.Test_Search_Functionality_in_FrontDeskRole" name="Test_Search_By_PatientName_in_ConsultationsScreen" time="15.514"/>
  <testcase classname="frontdesk_tests.Test_Search_Functionality_in_FrontDeskRole" name="Test_Search_By_PatientName_in_appointmentsScreen" time="31.796">
    <failure type="org.openqa.selenium.NoSuchElementException" message="no such element: Unable to locate element: {&amp;quot;method&amp;quot;:&amp;quot;xpath&amp;quot;,&amp;quot;selector&amp;quot;:&amp;quot;//label[text()=&amp;apos;Patient&amp;apos;]&amp;quot;}
  (Session info: chrome=112.0.5615.49)
For documentation on this error, please visit: https://selenium.dev/exceptions/#no_such_element
Build info: version: &amp;apos;4.8.0&amp;apos;, revision: &amp;apos;267030adea&amp;apos;
System info: os.name: &amp;apos;Windows 11&amp;apos;, os.arch: &amp;apos;amd64&amp;apos;, os.version: &amp;apos;10.0&amp;apos;, java.version: &amp;apos;17.0.5&amp;apos;
Driver info: org.openqa.selenium.chrome.ChromeDriver
Command: [5cc59a6f04aa024c8f0b37069867ee17, findElement {using=xpath, value=//label[text()=&amp;apos;Patient&amp;apos;]}]
Capabilities {acceptInsecureCerts: false, browserName: chrome, browserVersion: 112.0.5615.49, chrome: {chromedriverVersion: 112.0.5615.49 (bd2a7bcb881c..., userDataDir: C:\Users\dpran\AppData\Loca...}, goog:chromeOptions: {debuggerAddress: localhost:55543}, networkConnectionEnabled: false, pageLoadStrategy: normal, platformName: WINDOWS, proxy: Proxy(), se:cdp: ws://localhost:55543/devtoo..., se:cdpVersion: 112.0.5615.49, setWindowRect: true, strictFileInteractability: false, timeouts: {implicit: 0, pageLoad: 300000, script: 30000}, unhandledPromptBehavior: dismiss and notify, webauthn:extension:credBlob: true, webauthn:extension:largeBlob: true, webauthn:extension:minPinLength: true, webauthn:extension:prf: true, webauthn:virtualAuthenticators: true}
Session ID: 5cc59a6f04aa024c8f0b37069867ee17">
      <![CDATA[org.openqa.selenium.NoSuchElementException: no such element: Unable to locate element: {"method":"xpath","selector":"//label[text()='Patient']"}
  (Session info: chrome=112.0.5615.49)
For documentation on this error, please visit: https://selenium.dev/exceptions/#no_such_element
Build info: version: '4.8.0', revision: '267030adea'
System info: os.name: 'Windows 11', os.arch: 'amd64', os.version: '10.0', java.version: '17.0.5'
Driver info: org.openqa.selenium.chrome.ChromeDriver
Command: [5cc59a6f04aa024c8f0b37069867ee17, findElement {using=xpath, value=//label[text()='Patient']}]
Capabilities {acceptInsecureCerts: false, browserName: chrome, browserVersion: 112.0.5615.49, chrome: {chromedriverVersion: 112.0.5615.49 (bd2a7bcb881c..., userDataDir: C:\Users\dpran\AppData\Loca...}, goog:chromeOptions: {debuggerAddress: localhost:55543}, networkConnectionEnabled: false, pageLoadStrategy: normal, platformName: WINDOWS, proxy: Proxy(), se:cdp: ws://localhost:55543/devtoo..., se:cdpVersion: 112.0.5615.49, setWindowRect: true, strictFileInteractability: false, timeouts: {implicit: 0, pageLoad: 300000, script: 30000}, unhandledPromptBehavior: dismiss and notify, webauthn:extension:credBlob: true, webauthn:extension:largeBlob: true, webauthn:extension:minPinLength: true, webauthn:extension:prf: true, webauthn:virtualAuthenticators: true}
Session ID: 5cc59a6f04aa024c8f0b37069867ee17
at org.openqa.selenium.remote.codec.w3c.W3CHttpResponseCodec.createException(W3CHttpResponseCodec.java:200)
at org.openqa.selenium.remote.codec.w3c.W3CHttpResponseCodec.decode(W3CHttpResponseCodec.java:133)
at org.openqa.selenium.remote.codec.w3c.W3CHttpResponseCodec.decode(W3CHttpResponseCodec.java:53)
at org.openqa.selenium.remote.HttpCommandExecutor.execute(HttpCommandExecutor.java:184)
at org.openqa.selenium.remote.service.DriverCommandExecutor.invokeExecute(DriverCommandExecutor.java:167)
at org.openqa.selenium.remote.service.DriverCommandExecutor.execute(DriverCommandExecutor.java:142)
at org.openqa.selenium.remote.RemoteWebDriver.execute(RemoteWebDriver.java:543)
at org.openqa.selenium.remote.ElementLocation$ElementFinder$2.findElement(ElementLocation.java:162)
at org.openqa.selenium.remote.ElementLocation.findElement(ElementLocation.java:60)
at org.openqa.selenium.remote.RemoteWebDriver.findElement(RemoteWebDriver.java:352)
at org.openqa.selenium.remote.RemoteWebDriver.findElement(RemoteWebDriver.java:344)
at org.openqa.selenium.support.pagefactory.DefaultElementLocator.findElement(DefaultElementLocator.java:70)
at org.openqa.selenium.support.pagefactory.internal.LocatingElementHandler.invoke(LocatingElementHandler.java:39)
at jdk.proxy2/jdk.proxy2.$Proxy18.click(Unknown Source)
at frontdesk_tests.Test_Search_Functionality_in_FrontDeskRole.Test_Search_By_PatientName_in_appointmentsScreen(Test_Search_Functionality_in_FrontDeskRole.java:25)
at java.base/java.util.ArrayList.forEach(ArrayList.java:1511)
... Removed 32 stack frames]]>
    </failure>
  </testcase> <!-- Test_Search_By_PatientName_in_appointmentsScreen -->
  <testcase classname="payments_tests.Test_CreditNote_from_Invoice" name="Test_Create_CreditNote_From_Invoice" time="16.832"/>
  <testcase classname="payments_tests.Test_CreditNote_from_Invoice" name="Test_Create_CreditNote_From_Invoice" time="15.162"/>
  <testcase classname="payments_tests.Test_CreditNote_from_Invoice" name="Test_Delete_CreditNote_Invoice" time="19.709"/>
  <testcase classname="payments_tests.Test_CreditNote_from_Invoice" name="Test_Delete_CreditNote_Invoice" time="22.035"/>
  <testcase classname="superdoctor_tests.Test_SuperDoctor_is_able_to_add_new_Equipment" name="Test_Mobility_Fixed_Filter_in_Equipments" time="10.229"/>
  <testcase classname="superdoctor_tests.Test_SuperDoctor_is_able_to_add_new_Equipment" name="Test_Mobility_Mobile_Filter_in_Equipments" time="16.382"/>
  <testcase classname="superdoctor_tests.Test_SuperDoctor_is_able_to_add_new_Equipment" name="Test_Search_in_Equipments" time="10.997"/>
  <testcase classname="superdoctor_tests.Test_SuperDoctor_is_able_to_add_new_Equipment" name="Test_SuperDoctor_is_able_to_add_new_Equipment" time="8.13"/>
  <testcase classname="payments_tests.Test_Deleting_CreditNote" name="Test_Delete_Recently_Created_CreditNote" time="34.826"/>
  <testcase classname="payments_tests.Test_Deleting_CreditNote" name="Test_Delete_Recently_Created_CreditNote" time="34.409"/>
  <testcase classname="superdoctor_tests.Test_SuperDoctor_is_able_to_change_patient_journey_status" name="Test_SuperDoctor_is_able_to_change_patient_journey_status_to_Checkin" time="31.766"/>
  <testcase classname="superdoctor_tests.Test_SuperDoctor_is_able_to_change_patient_journey_status" name="Test_SuperDoctor_is_able_to_change_patient_journey_status_to_Checkout" time="12.912"/>
  <testcase classname="superdoctor_tests.Test_SuperDoctor_is_able_to_change_patient_journey_status" name="Test_SuperDoctor_is_able_to_change_patient_journey_status_to_Confirmed" time="11.902"/>
  <testcase classname="superdoctor_tests.Test_SuperDoctor_is_able_to_change_patient_journey_status" name="Test_SuperDoctor_is_able_to_change_patient_journey_status_to_Engaged" time="13.915"/>
  <testcase classname="payments_tests.Test_NewCreditNote" name="Test_Create_CreditNote_For_Procedure" time="26.008"/>
  <testcase classname="payments_tests.Test_NewCreditNote" name="Test_Create_CreditNote_For_Procedure" time="27.058"/>
  <testcase classname="payments_tests.Test_NewCreditNote" name="Test_Create_CreditNote_For_Product" time="26.004"/>
  <testcase classname="payments_tests.Test_NewCreditNote" name="Test_Create_CreditNote_For_Product" time="25.104"/>
  <testcase classname="payments_tests.Test_NewCreditNote" name="Test_CreditNote_Filters_Close" time="15.049"/>
  <testcase classname="payments_tests.Test_NewCreditNote" name="Test_CreditNote_Filters_Open" time="14.073"/>
</testsuite> <!-- Regression_Test_Cases -->
